#
# A fatal error has been detected by the Java Runtime Environment:
#
#  SIGSEGV (0xb) at pc=0x00000001056c52f0, pid=5129, tid=16643
#
# JRE version: Java(TM) SE Runtime Environment (8.0_05-b13) (build 1.8.0_05-b13)
# Java VM: Java HotSpot(TM) 64-Bit Server VM (25.5-b02 mixed mode bsd-amd64 compressed oops)
# Problematic frame:
# V  [libjvm.dylib+0xd02f0]  OopFlow::build_oop_map(Node*, int, PhaseRegAlloc*, int*)+0xd2
#
# Failed to write core dump. Core dumps have been disabled. To enable core dumping, try "ulimit -c unlimited" before starting Java again
#
# If you would like to submit a bug report, please visit:
#   http://bugreport.sun.com/bugreport/crash.jsp
#

---------------  T H R E A D  ---------------

Current thread (0x00007f8ba1863000):  JavaThread "C2 CompilerThread0" daemon [_thread_in_native, id=16643, stack(0x000000011bb1a000,0x000000011bc1a000)]

siginfo:si_signo=SIGSEGV: si_errno=0, si_code=1 (SEGV_MAPERR), si_addr=0x0000000000000000

Registers:
RAX=0x00007f8ba22dae08, RBX=0x00007f8ba34d5538, RCX=0x0000000000000000, RDX=0x0000000000000008
RSP=0x000000011bc16870, RBP=0x000000011bc168e0, RSI=0x000000000000001c, RDI=0x0000000000000000
R8 =0x00007f8ba289d130, R9 =0x00007f8ba3e47c78, R10=0x0000000000000067, R11=0x00000000000008d0
R12=0x0000000000000000, R13=0x0000000000000013, R14=0x00007f8ba34d5538, R15=0x00000000000000c0
RIP=0x00000001056c52f0, EFLAGS=0x0000000000010206, ERR=0x0000000000000004
  TRAPNO=0x000000000000000e

Top of Stack: (sp=0x000000011bc16870)
0x000000011bc16870:   000000011bc168e0 00000000000000da
0x000000011bc16880:   00007f8ba289d130 00007f8ba287ba70
0x000000011bc16890:   00007f8ba22db4e0 0000001c00000008
0x000000011bc168a0:   000000011bc17550 00007f8ba22db510
0x000000011bc168b0:   00000000000000b8 00007f8ba22db4e0
0x000000011bc168c0:   0000000000000012 0000000000000013
0x000000011bc168d0:   00007f8ba34d5538 00007f8ba22dffff
0x000000011bc168e0:   000000011bc16940 00000001056c500d
0x000000011bc168f0:   000000011bc16940 000000da1bc18fd0
0x000000011bc16900:   00007f8ba2898d70 0000000aa22dae00
0x000000011bc16910:   000000011bc17550 00007f8ba3e483f8
0x000000011bc16920:   00007f8ba22db4e0 0000000000000004
0x000000011bc16930:   00007f8ba22d7f90 00007f8ba22dac10
0x000000011bc16940:   000000011bc16a40 00000001056c5f3b
0x000000011bc16950:   0000000001140700 0000000000000007
0x000000011bc16960:   0000000000000007 00007f8ba289af8c
0x000000011bc16970:   00000000000000da 000000000000001c
0x000000011bc16980:   00007f8ba289af8c 00007f8ba154fcb0
0x000000011bc16990:   000000011bc18fd0 0000000000000007
0x000000011bc169a0:   00007f8ba289af8c 0000000000000007
0x000000011bc169b0:   ffffffffffffffff 000000011bc17680
0x000000011bc169c0:   00007f8ba3e47c78 00007f8ba2898d70
0x000000011bc169d0:   00000000000006d0 00000000000001b4
0x000000011bc169e0:   0000000000000000 0000000100000080
0x000000011bc169f0:   00007f8ba154fcb0 00007f8ba289b390
0x000000011bc16a00:   00007f8b00000004 0000000000000014
0x000000011bc16a10:   0000000000000000 000000011bc18fd0
0x000000011bc16a20:   000000011bc17680 00000000000009ee
0x000000011bc16a30:   00007f8ba2895a10 000000011bc19798
0x000000011bc16a40:   000000011bc16a90 0000000105a407d8
0x000000011bc16a50:   00007f8ba34d4980 00007f8ba3e42668
0x000000011bc16a60:   000000011bc19140 000000011bc18fd0 

Instructions: (pc=0x00000001056c52f0)
0x00000001056c52d0:   00 00 44 89 ff 8b 75 bc 8b 55 b8 e8 fa 0c 00 00
0x00000001056c52e0:   48 89 45 d0 48 8b 45 b0 48 8b 40 08 4e 8b 24 f8
0x00000001056c52f0:   49 8b 04 24 4c 89 e7 ff 50 28 48 63 48 10 48 89
0x00000001056c5300:   ca 48 c1 e2 05 48 8d 35 74 8a 6f 00 80 7c 16 10 

Register to memory mapping:

RAX=0x00007f8ba22dae08 is an unknown value
RBX=0x00007f8ba34d5538 is an unknown value
RCX=0x0000000000000000 is an unknown value
RDX=0x0000000000000008 is an unknown value
RSP=0x000000011bc16870 is pointing into the stack for thread: 0x00007f8ba1863000
RBP=0x000000011bc168e0 is pointing into the stack for thread: 0x00007f8ba1863000
RSI=0x000000000000001c is an unknown value
RDI=0x0000000000000000 is an unknown value
R8 =0x00007f8ba289d130 is an unknown value
R9 =0x00007f8ba3e47c78 is an unknown value
R10=0x0000000000000067 is an unknown value
R11=0x00000000000008d0 is an unknown value
R12=0x0000000000000000 is an unknown value
R13=0x0000000000000013 is an unknown value
R14=0x00007f8ba34d5538 is an unknown value
R15=0x00000000000000c0 is an unknown value


Stack: [0x000000011bb1a000,0x000000011bc1a000],  sp=0x000000011bc16870,  free space=1010k
Native frames: (J=compiled Java code, j=interpreted, Vv=VM code, C=native code)
V  [libjvm.dylib+0xd02f0]  OopFlow::build_oop_map(Node*, int, PhaseRegAlloc*, int*)+0xd2
V  [libjvm.dylib+0xd000d]  OopFlow::compute_reach(PhaseRegAlloc*, int, Dict*)+0xa9
V  [libjvm.dylib+0xd0f3b]  Compile::BuildOopMaps()+0x92d
V  [libjvm.dylib+0x44b7d8]  Compile::Output()+0x40c
V  [libjvm.dylib+0x19d040]  Compile::Code_Gen()+0x21a
V  [libjvm.dylib+0x1a0a7b]  Compile::Compile(ciEnv*, C2Compiler*, ciMethod*, int, bool, bool, bool)+0x905
V  [libjvm.dylib+0x143eb2]  C2Compiler::compile_method(ciEnv*, ciMethod*, int)+0xac
V  [libjvm.dylib+0x1a431c]  CompileBroker::invoke_compiler_on_method(CompileTask*)+0x5b2
V  [libjvm.dylib+0x1a642b]  CompileBroker::compiler_thread_loop()+0x2d5
V  [libjvm.dylib+0x51ccf5]  JavaThread::thread_main_inner()+0x9b
V  [libjvm.dylib+0x51e432]  JavaThread::run()+0x1c2
V  [libjvm.dylib+0x445426]  java_start(Thread*)+0xf6
C  [libsystem_pthread.dylib+0x32fc]  _pthread_body+0x83
C  [libsystem_pthread.dylib+0x3279]  _pthread_body+0x0
C  [libsystem_pthread.dylib+0x14b1]  thread_start+0xd


Current CompileTask:
C2:  16705 5191       4       groovy.lang.MetaClassImpl::findPropertyMethod (356 bytes)


---------------  P R O C E S S  ---------------

Java Threads: ( => current thread )
  0x00007f8ba2089000 JavaThread "net.sf.ehcache.CacheManager@71cdb30" daemon [_thread_blocked, id=13063, stack(0x000000011f917000,0x000000011fa17000)]
  0x00007f8ba58ea000 JavaThread "PoolCleaner[1270197696:1421042047263]" daemon [_thread_blocked, id=22787, stack(0x000000011d136000,0x000000011d236000)]
  0x00007f8ba39f7000 JavaThread "FileSystemWatcher: files=#101 cl=groovy.lang.GroovyClassLoader@4bb5adc0" daemon [_thread_blocked, id=22275, stack(0x000000011e236000,0x000000011e336000)]
  0x00007f8ba242f000 JavaThread "Thread-3" daemon [_thread_in_native, id=21763, stack(0x000000011dcc6000,0x000000011ddc6000)]
  0x00007f8ba243a000 JavaThread "localhost-startStop-1" daemon [_thread_in_native, id=21251, stack(0x000000011d257000,0x000000011d357000)]
  0x00007f8ba39b6800 JavaThread "Tomcat-startStop-1" daemon [_thread_blocked, id=20739, stack(0x000000011d033000,0x000000011d133000)]
  0x00007f8ba3604800 JavaThread "Thread-2" [_thread_in_native, id=20227, stack(0x000000011c8bd000,0x000000011c9bd000)]
  0x00007f8ba20d1000 JavaThread "NonBlockingInputStreamThread" daemon [_thread_blocked, id=19715, stack(0x000000011c5ed000,0x000000011c6ed000)]
  0x00007f8ba29fa000 JavaThread "process reaper" daemon [_thread_blocked, id=19203, stack(0x000000011c5c2000,0x000000011c5ea000)]
  0x00007f8ba304f800 JavaThread "Service Thread" daemon [_thread_blocked, id=18179, stack(0x000000011be23000,0x000000011bf23000)]
  0x00007f8ba2807800 JavaThread "C1 CompilerThread2" daemon [_thread_blocked, id=17667, stack(0x000000011bd20000,0x000000011be20000)]
  0x00007f8ba304c000 JavaThread "C2 CompilerThread1" daemon [_thread_in_native, id=17155, stack(0x000000011bc1d000,0x000000011bd1d000)]
=>0x00007f8ba1863000 JavaThread "C2 CompilerThread0" daemon [_thread_in_native, id=16643, stack(0x000000011bb1a000,0x000000011bc1a000)]
  0x00007f8ba1866000 JavaThread "Signal Dispatcher" daemon [_thread_blocked, id=16159, stack(0x000000011b849000,0x000000011b949000)]
  0x00007f8ba1816800 JavaThread "Finalizer" daemon [_thread_blocked, id=11523, stack(0x0000000119eff000,0x0000000119fff000)]
  0x00007f8ba2007800 JavaThread "Reference Handler" daemon [_thread_blocked, id=11011, stack(0x0000000119dfc000,0x0000000119efc000)]
  0x00007f8ba180c000 JavaThread "main" [_thread_blocked, id=4867, stack(0x00000001064cd000,0x00000001065cd000)]

Other Threads:
  0x00007f8ba300c000 VMThread [stack: 0x0000000119cf9000,0x0000000119df9000] [id=10499]
  0x00007f8ba18f8000 WatcherThread [stack: 0x000000011bf26000,0x000000011c026000] [id=18691]

VM state:not at safepoint (normal execution)

VM Mutex/Monitor currently owned by a thread: None

Heap:
 PSYoungGen      total 215040K, used 64061K [0x00000007b0000000, 0x00000007c0000000, 0x00000007c0000000)
  eden space 189440K, 20% used [0x00000007b0000000,0x00000007b25940a0,0x00000007bb900000)
  from space 25600K, 99% used [0x00000007bb900000,0x00000007bd1fb568,0x00000007bd200000)
  to   space 38400K, 0% used [0x00000007bda80000,0x00000007bda80000,0x00000007c0000000)
 ParOldGen       total 90112K, used 74462K [0x0000000790000000, 0x0000000795800000, 0x00000007b0000000)
  object space 90112K, 82% used [0x0000000790000000,0x00000007948b7a40,0x0000000795800000)
 Metaspace       used 59860K, capacity 61358K, committed 61440K, reserved 1103872K
  class space    used 6907K, capacity 7407K, committed 7424K, reserved 1048576K

Card table byte_map: [0x0000000116248000,0x00000001163c9000] byte_map_base: 0x00000001125c8000

Marking Bits: (ParMarkBitMap*) 0x0000000105e5b0a0
 Begin Bits: [0x00000001168d5000, 0x00000001174d5000)
 End Bits:   [0x00000001174d5000, 0x00000001180d5000)

Polling page: 0x00000001065dd000

CodeCache: size=245760Kb used=17742Kb max_used=17742Kb free=228017Kb
 bounds [0x0000000106e88000, 0x0000000107fe8000, 0x0000000115e88000]
 total_blobs=5779 nmethods=5039 adapters=651
 compilation: enabled

Compilation events (10 events):
Event: 16.652 Thread 0x00007f8ba2807800 nmethod 5485 0x0000000107fb7f90 code [0x0000000107fb80e0, 0x0000000107fb8210]
Event: 16.652 Thread 0x00007f8ba2807800 5486       2       java.net.URI::access$600 (4 bytes)
Event: 16.652 Thread 0x00007f8ba2807800 nmethod 5486 0x0000000107fb7c90 code [0x0000000107fb7de0, 0x0000000107fb7f10]
Event: 16.655 Thread 0x00007f8ba1863000 nmethod 5187 0x0000000107fcd990 code [0x0000000107fcde40, 0x0000000107fd0830]
Event: 16.655 Thread 0x00007f8ba1863000 5191       4       groovy.lang.MetaClassImpl::findPropertyMethod (356 bytes)
Event: 16.672 Thread 0x00007f8ba2807800 5487       2       org.codehaus.groovy.grails.commons.metaclass.BaseApiProvider$1::getParameterTypes (29 bytes)
Event: 16.672 Thread 0x00007f8ba2807800 nmethod 5487 0x0000000107fbae10 code [0x0000000107fbaf80, 0x0000000107fbb198]
Event: 16.683 Thread 0x00007f8ba2807800 5488       2       groovyjarjarasm.asm.ClassWriter::<init> (122 bytes)
Event: 16.683 Thread 0x00007f8ba2807800 nmethod 5488 0x0000000107fba510 code [0x0000000107fba6c0, 0x0000000107fbac48]
Event: 16.683 Thread 0x00007f8ba2807800 5490       2       groovyjarjarasm.asm.ClassWriter::visit (121 bytes)

GC Heap History (10 events):
Event: 13.752 GC heap before
{Heap before GC invocations=61 (full 5):
 PSYoungGen      total 240640K, used 240262K [0x00000007b0000000, 0x00000007c0000000, 0x00000007c0000000)
  eden space 223232K, 100% used [0x00000007b0000000,0x00000007bda00000,0x00000007bda00000)
  from space 17408K, 97% used [0x00000007bda00000,0x00000007beaa1bb0,0x00000007beb00000)
  to   space 21504K, 0% used [0x00000007beb00000,0x00000007beb00000,0x00000007c0000000)
 ParOldGen       total 73728K, used 58763K [0x0000000790000000, 0x0000000794800000, 0x00000007b0000000)
  object space 73728K, 79% used [0x0000000790000000,0x0000000793962f90,0x0000000794800000)
 Metaspace       used 54746K, capacity 55982K, committed 56192K, reserved 1099776K
  class space    used 6107K, capacity 6502K, committed 6528K, reserved 1048576K
Event: 13.782 GC heap after
Heap after GC invocations=61 (full 5):
 PSYoungGen      total 229376K, used 21478K [0x00000007b0000000, 0x00000007c0000000, 0x00000007c0000000)
  eden space 207872K, 0% used [0x00000007b0000000,0x00000007b0000000,0x00000007bcb00000)
  from space 21504K, 99% used [0x00000007beb00000,0x00000007bfff99e0,0x00000007c0000000)
  to   space 27136K, 0% used [0x00000007bcb00000,0x00000007bcb00000,0x00000007be580000)
 ParOldGen       total 73728K, used 63712K [0x0000000790000000, 0x0000000794800000, 0x00000007b0000000)
  object space 73728K, 86% used [0x0000000790000000,0x0000000793e38288,0x0000000794800000)
 Metaspace       used 54746K, capacity 55982K, committed 56192K, reserved 1099776K
  class space    used 6107K, capacity 6502K, committed 6528K, reserved 1048576K
}
Event: 14.637 GC heap before
{Heap before GC invocations=62 (full 5):
 PSYoungGen      total 229376K, used 228715K [0x00000007b0000000, 0x00000007c0000000, 0x00000007c0000000)
  eden space 207872K, 99% used [0x00000007b0000000,0x00000007bca61340,0x00000007bcb00000)
  from space 21504K, 99% used [0x00000007beb00000,0x00000007bfff99e0,0x00000007c0000000)
  to   space 27136K, 0% used [0x00000007bcb00000,0x00000007bcb00000,0x00000007be580000)
 ParOldGen       total 73728K, used 63712K [0x0000000790000000, 0x0000000794800000, 0x00000007b0000000)
  object space 73728K, 86% used [0x0000000790000000,0x0000000793e38288,0x0000000794800000)
 Metaspace       used 56772K, capacity 58098K, committed 58368K, reserved 1101824K
  class space    used 6439K, capacity 6841K, committed 6912K, reserved 1048576K
Event: 14.682 GC heap after
Heap after GC invocations=62 (full 5):
 PSYoungGen      total 235008K, used 27113K [0x00000007b0000000, 0x00000007c0000000, 0x00000007c0000000)
  eden space 207872K, 0% used [0x00000007b0000000,0x00000007b0000000,0x00000007bcb00000)
  from space 27136K, 99% used [0x00000007bcb00000,0x00000007be57a790,0x00000007be580000)
  to   space 27136K, 0% used [0x00000007be580000,0x00000007be580000,0x00000007c0000000)
 ParOldGen       total 73728K, used 68787K [0x0000000790000000, 0x0000000794800000, 0x00000007b0000000)
  object space 73728K, 93% used [0x0000000790000000,0x000000079432ceb0,0x0000000794800000)
 Metaspace       used 56772K, capacity 58098K, committed 58368K, reserved 1101824K
  class space    used 6439K, capacity 6841K, committed 6912K, reserved 1048576K
}
Event: 14.682 GC heap before
{Heap before GC invocations=63 (full 6):
 PSYoungGen      total 235008K, used 27113K [0x00000007b0000000, 0x00000007c0000000, 0x00000007c0000000)
  eden space 207872K, 0% used [0x00000007b0000000,0x00000007b0000000,0x00000007bcb00000)
  from space 27136K, 99% used [0x00000007bcb00000,0x00000007be57a790,0x00000007be580000)
  to   space 27136K, 0% used [0x00000007be580000,0x00000007be580000,0x00000007c0000000)
 ParOldGen       total 73728K, used 68787K [0x0000000790000000, 0x0000000794800000, 0x00000007b0000000)
  object space 73728K, 93% used [0x0000000790000000,0x000000079432ceb0,0x0000000794800000)
 Metaspace       used 56772K, capacity 58098K, committed 58368K, reserved 1101824K
  class space    used 6439K, capacity 6841K, committed 6912K, reserved 1048576K
Event: 15.665 GC heap after
Heap after GC invocations=63 (full 6):
 PSYoungGen      total 235008K, used 19806K [0x00000007b0000000, 0x00000007c0000000, 0x00000007c0000000)
  eden space 207872K, 0% used [0x00000007b0000000,0x00000007b0000000,0x00000007bcb00000)
  from space 27136K, 72% used [0x00000007bcb00000,0x00000007bde57b78,0x00000007be580000)
  to   space 27136K, 0% used [0x00000007be580000,0x00000007be580000,0x00000007c0000000)
 ParOldGen       total 90112K, used 73282K [0x0000000790000000, 0x0000000795800000, 0x00000007b0000000)
  object space 90112K, 81% used [0x0000000790000000,0x0000000794790a10,0x0000000795800000)
 Metaspace       used 56772K, capacity 58098K, committed 58368K, reserved 1101824K
  class space    used 6439K, capacity 6841K, committed 6912K, reserved 1048576K
}
Event: 16.173 GC heap before
{Heap before GC invocations=64 (full 6):
 PSYoungGen      total 235008K, used 226480K [0x00000007b0000000, 0x00000007c0000000, 0x00000007c0000000)
  eden space 207872K, 99% used [0x00000007b0000000,0x00000007bc9d4500,0x00000007bcb00000)
  from space 27136K, 72% used [0x00000007bcb00000,0x00000007bde57b78,0x00000007be580000)
  to   space 27136K, 0% used [0x00000007be580000,0x00000007be580000,0x00000007c0000000)
 ParOldGen       total 90112K, used 73282K [0x0000000790000000, 0x0000000795800000, 0x00000007b0000000)
  object space 90112K, 81% used [0x0000000790000000,0x0000000794790a10,0x0000000795800000)
 Metaspace       used 57864K, capacity 59318K, committed 59520K, reserved 1101824K
  class space    used 6587K, capacity 7023K, committed 7040K, reserved 1048576K
Event: 16.217 GC heap after
Heap after GC invocations=64 (full 6):
 PSYoungGen      total 216576K, used 24386K [0x00000007b0000000, 0x00000007c0000000, 0x00000007c0000000)
  eden space 189440K, 0% used [0x00000007b0000000,0x00000007b0000000,0x00000007bb900000)
  from space 27136K, 89% used [0x00000007be580000,0x00000007bfd50be8,0x00000007c0000000)
  to   space 36352K, 0% used [0x00000007bb900000,0x00000007bb900000,0x00000007bdc80000)
 ParOldGen       total 90112K, used 74454K [0x0000000790000000, 0x0000000795800000, 0x00000007b0000000)
  object space 90112K, 82% used [0x0000000790000000,0x00000007948b5a40,0x0000000795800000)
 Metaspace       used 57864K, capacity 59318K, committed 59520K, reserved 1101824K
  class space    used 6587K, capacity 7023K, committed 7040K, reserved 1048576K
}
Event: 16.506 GC heap before
{Heap before GC invocations=65 (full 6):
 PSYoungGen      total 216576K, used 213826K [0x00000007b0000000, 0x00000007c0000000, 0x00000007c0000000)
  eden space 189440K, 100% used [0x00000007b0000000,0x00000007bb900000,0x00000007bb900000)
  from space 27136K, 89% used [0x00000007be580000,0x00000007bfd50be8,0x00000007c0000000)
  to   space 36352K, 0% used [0x00000007bb900000,0x00000007bb900000,0x00000007bdc80000)
 ParOldGen       total 90112K, used 74454K [0x0000000790000000, 0x0000000795800000, 0x00000007b0000000)
  object space 90112K, 82% used [0x0000000790000000,0x00000007948b5a40,0x0000000795800000)
 Metaspace       used 59519K, capacity 60994K, committed 61184K, reserved 1103872K
  class space    used 6871K, capacity 7347K, committed 7424K, reserved 1048576K
Event: 16.529 GC heap after
Heap after GC invocations=65 (full 6):
 PSYoungGen      total 215040K, used 25581K [0x00000007b0000000, 0x00000007c0000000, 0x00000007c0000000)
  eden space 189440K, 0% used [0x00000007b0000000,0x00000007b0000000,0x00000007bb900000)
  from space 25600K, 99% used [0x00000007bb900000,0x00000007bd1fb568,0x00000007bd200000)
  to   space 38400K, 0% used [0x00000007bda80000,0x00000007bda80000,0x00000007c0000000)
 ParOldGen       total 90112K, used 74462K [0x0000000790000000, 0x0000000795800000, 0x00000007b0000000)
  object space 90112K, 82% used [0x0000000790000000,0x00000007948b7a40,0x0000000795800000)
 Metaspace       used 59519K, capacity 60994K, committed 61184K, reserved 1103872K
  class space    used 6871K, capacity 7347K, committed 7424K, reserved 1048576K
}

Deoptimization events (10 events):
Event: 12.701 Thread 0x00007f8ba243a000 Uncommon trap: reason=array_check action=maybe_recompile pc=0x0000000107e43b8c method=java.util.AbstractCollection.toArray([Ljava/lang/Object;)[Ljava/lang/Object; @ 119
Event: 12.701 Thread 0x00007f8ba243a000 Uncommon trap: reason=array_check action=maybe_recompile pc=0x0000000107e43b8c method=java.util.AbstractCollection.toArray([Ljava/lang/Object;)[Ljava/lang/Object; @ 119
Event: 12.706 Thread 0x00007f8ba243a000 Uncommon trap: reason=array_check action=maybe_recompile pc=0x0000000107e43b8c method=java.util.AbstractCollection.toArray([Ljava/lang/Object;)[Ljava/lang/Object; @ 119
Event: 12.706 Thread 0x00007f8ba243a000 Uncommon trap: reason=array_check action=maybe_recompile pc=0x0000000107e43b8c method=java.util.AbstractCollection.toArray([Ljava/lang/Object;)[Ljava/lang/Object; @ 119
Event: 12.771 Thread 0x00007f8ba243a000 Uncommon trap: reason=class_check action=maybe_recompile pc=0x0000000107e17cf0 method=java.lang.reflect.Executable.getAnnotation(Ljava/lang/Class;)Ljava/lang/annotation/Annotation; @ 19
Event: 13.489 Thread 0x00007f8ba243a000 Uncommon trap: reason=class_check action=maybe_recompile pc=0x0000000107e17cf0 method=java.lang.reflect.Executable.getAnnotation(Ljava/lang/Class;)Ljava/lang/annotation/Annotation; @ 19
Event: 13.893 Thread 0x00007f8ba243a000 Uncommon trap: reason=class_check action=maybe_recompile pc=0x0000000107e17cf0 method=java.lang.reflect.Executable.getAnnotation(Ljava/lang/Class;)Ljava/lang/annotation/Annotation; @ 19
Event: 14.187 Thread 0x00007f8ba243a000 Uncommon trap: reason=class_check action=maybe_recompile pc=0x0000000107e17cf0 method=java.lang.reflect.Executable.getAnnotation(Ljava/lang/Class;)Ljava/lang/annotation/Annotation; @ 19
Event: 14.337 Thread 0x00007f8ba243a000 Uncommon trap: reason=unreached action=reinterpret pc=0x0000000107e502e8 method=org.codehaus.groovy.runtime.metaclass.MetaMethodIndex.isNonRealMethod(Lgroovy/lang/MetaMethod;)Z @ 32
Event: 16.672 Thread 0x00007f8ba243a000 Uncommon trap: reason=class_check action=maybe_recompile pc=0x0000000107fd029c method=org.codehaus.groovy.runtime.metaclass.MetaMethodIndex.addMethodToList(Ljava/lang/Object;Lgroovy/lang/MetaMethod;)Ljava/lang/Object; @ 68

Internal exceptions (10 events):
Event: 16.680 Thread 0x00007f8ba243a000 Exception <a 'java/security/PrivilegedActionException'> (0x00000007b20711b8) thrown at [/HUDSON/workspace/8-2-build-macosx-x86_64/jdk8u5/2488/hotspot/src/share/vm/prims/jvm.cpp, line 1248]
Event: 16.680 Thread 0x00007f8ba243a000 Exception <a 'java/security/PrivilegedActionException'> (0x00000007b2076780) thrown at [/HUDSON/workspace/8-2-build-macosx-x86_64/jdk8u5/2488/hotspot/src/share/vm/prims/jvm.cpp, line 1248]
Event: 16.680 Thread 0x00007f8ba243a000 Exception <a 'java/security/PrivilegedActionException'> (0x00000007b208b460) thrown at [/HUDSON/workspace/8-2-build-macosx-x86_64/jdk8u5/2488/hotspot/src/share/vm/prims/jvm.cpp, line 1248]
Event: 16.680 Thread 0x00007f8ba243a000 Exception <a 'java/security/PrivilegedActionException'> (0x00000007b20a9378) thrown at [/HUDSON/workspace/8-2-build-macosx-x86_64/jdk8u5/2488/hotspot/src/share/vm/prims/jvm.cpp, line 1248]
Event: 16.681 Thread 0x00007f8ba243a000 Exception <a 'java/security/PrivilegedActionException'> (0x00000007b20ae940) thrown at [/HUDSON/workspace/8-2-build-macosx-x86_64/jdk8u5/2488/hotspot/src/share/vm/prims/jvm.cpp, line 1248]
Event: 16.681 Thread 0x00007f8ba243a000 Exception <a 'java/security/PrivilegedActionException'> (0x00000007b20c3530) thrown at [/HUDSON/workspace/8-2-build-macosx-x86_64/jdk8u5/2488/hotspot/src/share/vm/prims/jvm.cpp, line 1248]
Event: 16.681 Thread 0x00007f8ba243a000 Exception <a 'java/security/PrivilegedActionException'> (0x00000007b20f3248) thrown at [/HUDSON/workspace/8-2-build-macosx-x86_64/jdk8u5/2488/hotspot/src/share/vm/prims/jvm.cpp, line 1248]
Event: 16.681 Thread 0x00007f8ba243a000 Exception <a 'java/lang/ClassNotFoundException': grails/plugin/databasemigration/MigrationUtils$_getDataSourceConfigs_closure3Customizer> (0x00000007b20f4018) thrown at [/HUDSON/workspace/8-2-build-macosx-x86_64/jdk8u5/2488/hotspot/src/share/vm/classfile/
Event: 16.682 Thread 0x00007f8ba243a000 Exception <a 'java/security/PrivilegedActionException'> (0x00000007b2112360) thrown at [/HUDSON/workspace/8-2-build-macosx-x86_64/jdk8u5/2488/hotspot/src/share/vm/prims/jvm.cpp, line 1248]
Event: 16.682 Thread 0x00007f8ba243a000 Exception <a 'java/security/PrivilegedActionException'> (0x00000007b2115e58) thrown at [/HUDSON/workspace/8-2-build-macosx-x86_64/jdk8u5/2488/hotspot/src/share/vm/prims/jvm.cpp, line 1248]

Events (10 events):
Event: 16.680 loading class grails/plugin/databasemigration/MigrationUtils$_getDataSourceConfigs_closure3BeanInfo
Event: 16.680 loading class grails/plugin/databasemigration/MigrationUtils$_getDataSourceConfigs_closure3BeanInfo done
Event: 16.680 loading class grails/plugin/databasemigration/MigrationUtils$_getDataSourceConfigs_closure3Customizer
Event: 16.680 loading class grails/plugin/databasemigration/MigrationUtils$_getDataSourceConfigs_closure3Customizer done
Event: 16.680 loading class grails/plugin/databasemigration/MigrationUtils$_getDataSourceConfigs_closure3Customizer
Event: 16.680 loading class grails/plugin/databasemigration/MigrationUtils$_getDataSourceConfigs_closure3Customizer done
Event: 16.681 loading class grails/plugin/databasemigration/MigrationUtils$_getDataSourceConfigs_closure3Customizer
Event: 16.681 loading class grails/plugin/databasemigration/MigrationUtils$_getDataSourceConfigs_closure3Customizer done
Event: 16.682 loading class groovy/runtime/metaclass/java/lang/BooleanMetaClass
Event: 16.682 loading class groovy/runtime/metaclass/java/lang/BooleanMetaClass done


Dynamic libraries:
0x000000000526a000 	/System/Library/Frameworks/Cocoa.framework/Versions/A/Cocoa
0x000000000526a000 	/System/Library/Frameworks/Security.framework/Versions/A/Security
0x000000000526a000 	/System/Library/Frameworks/ApplicationServices.framework/Versions/A/ApplicationServices
0x000000000526a000 	/usr/lib/libz.1.dylib
0x000000000526a000 	/usr/lib/libSystem.B.dylib
0x000000000526a000 	/usr/lib/libobjc.A.dylib
0x000000000526a000 	/System/Library/Frameworks/CoreFoundation.framework/Versions/A/CoreFoundation
0x000000000526a000 	/System/Library/Frameworks/Foundation.framework/Versions/C/Foundation
0x000000000526a000 	/System/Library/Frameworks/AppKit.framework/Versions/C/AppKit
0x000000000526a000 	/System/Library/Frameworks/CoreData.framework/Versions/A/CoreData
0x000000000526a000 	/System/Library/PrivateFrameworks/RemoteViewServices.framework/Versions/A/RemoteViewServices
0x000000000526a000 	/System/Library/PrivateFrameworks/UIFoundation.framework/Versions/A/UIFoundation
0x000000000526a000 	/System/Library/Frameworks/IOSurface.framework/Versions/A/IOSurface
0x000000000526a000 	/System/Library/Frameworks/AudioToolbox.framework/Versions/A/AudioToolbox
0x000000000526a000 	/System/Library/Frameworks/AudioUnit.framework/Versions/A/AudioUnit
0x000000000526a000 	/System/Library/PrivateFrameworks/DataDetectorsCore.framework/Versions/A/DataDetectorsCore
0x000000000526a000 	/System/Library/PrivateFrameworks/DesktopServicesPriv.framework/Versions/A/DesktopServicesPriv
0x000000000526a000 	/System/Library/Frameworks/Carbon.framework/Versions/A/Frameworks/HIToolbox.framework/Versions/A/HIToolbox
0x000000000526a000 	/System/Library/Frameworks/QuartzCore.framework/Versions/A/QuartzCore
0x000000000526a000 	/System/Library/Frameworks/Carbon.framework/Versions/A/Frameworks/SpeechRecognition.framework/Versions/A/SpeechRecognition
0x000000000526a000 	/usr/lib/libauto.dylib
0x000000000526a000 	/usr/lib/libicucore.A.dylib
0x000000000526a000 	/usr/lib/libxml2.2.dylib
0x000000000526a000 	/System/Library/PrivateFrameworks/CoreUI.framework/Versions/A/CoreUI
0x000000000526a000 	/System/Library/Frameworks/CoreAudio.framework/Versions/A/CoreAudio
0x000000000526a000 	/System/Library/Frameworks/DiskArbitration.framework/Versions/A/DiskArbitration
0x000000000526a000 	/usr/lib/liblangid.dylib
0x000000000526a000 	/System/Library/PrivateFrameworks/MultitouchSupport.framework/Versions/A/MultitouchSupport
0x000000000526a000 	/System/Library/Frameworks/IOKit.framework/Versions/A/IOKit
0x000000000526a000 	/usr/lib/libDiagnosticMessagesClient.dylib
0x000000000526a000 	/System/Library/Frameworks/CoreServices.framework/Versions/A/CoreServices
0x000000000526a000 	/System/Library/PrivateFrameworks/PerformanceAnalysis.framework/Versions/A/PerformanceAnalysis
0x000000000526a000 	/System/Library/PrivateFrameworks/GenerationalStorage.framework/Versions/A/GenerationalStorage
0x000000000526a000 	/System/Library/Frameworks/OpenGL.framework/Versions/A/OpenGL
0x000000000526a000 	/System/Library/PrivateFrameworks/Sharing.framework/Versions/A/Sharing
0x000000000526a000 	/System/Library/Frameworks/CoreGraphics.framework/Versions/A/CoreGraphics
0x000000000526a000 	/System/Library/Frameworks/CoreText.framework/Versions/A/CoreText
0x000000000526a000 	/System/Library/Frameworks/ImageIO.framework/Versions/A/ImageIO
0x000000000526a000 	/usr/lib/libextension.dylib
0x000000000526a000 	/System/Library/PrivateFrameworks/Backup.framework/Versions/A/Backup
0x000000000526a000 	/usr/lib/libarchive.2.dylib
0x000000000526a000 	/System/Library/Frameworks/CFNetwork.framework/Versions/A/CFNetwork
0x000000000526a000 	/System/Library/Frameworks/SystemConfiguration.framework/Versions/A/SystemConfiguration
0x000000000526a000 	/usr/lib/libCRFSuite.dylib
0x000000000526a000 	/usr/lib/libc++.1.dylib
0x000000000526a000 	/usr/lib/libc++abi.dylib
0x000000000526a000 	/usr/lib/system/libcache.dylib
0x000000000526a000 	/usr/lib/system/libcommonCrypto.dylib
0x000000000526a000 	/usr/lib/system/libcompiler_rt.dylib
0x000000000526a000 	/usr/lib/system/libcopyfile.dylib
0x000000000526a000 	/usr/lib/system/libcorecrypto.dylib
0x000000000526a000 	/usr/lib/system/libdispatch.dylib
0x000000000526a000 	/usr/lib/system/libdyld.dylib
0x000000000526a000 	/usr/lib/system/libkeymgr.dylib
0x000000000526a000 	/usr/lib/system/liblaunch.dylib
0x000000000526a000 	/usr/lib/system/libmacho.dylib
0x000000000526a000 	/usr/lib/system/libquarantine.dylib
0x000000000526a000 	/usr/lib/system/libremovefile.dylib
0x000000000526a000 	/usr/lib/system/libsystem_asl.dylib
0x000000000526a000 	/usr/lib/system/libsystem_blocks.dylib
0x000000000526a000 	/usr/lib/system/libsystem_c.dylib
0x000000000526a000 	/usr/lib/system/libsystem_configuration.dylib
0x000000000526a000 	/usr/lib/system/libsystem_coreservices.dylib
0x000000000526a000 	/usr/lib/system/libsystem_coretls.dylib
0x000000000526a000 	/usr/lib/system/libsystem_dnssd.dylib
0x000000000526a000 	/usr/lib/system/libsystem_info.dylib
0x000000000526a000 	/usr/lib/system/libsystem_kernel.dylib
0x000000000526a000 	/usr/lib/system/libsystem_m.dylib
0x000000000526a000 	/usr/lib/system/libsystem_malloc.dylib
0x000000000526a000 	/usr/lib/system/libsystem_network.dylib
0x000000000526a000 	/usr/lib/system/libsystem_networkextension.dylib
0x000000000526a000 	/usr/lib/system/libsystem_notify.dylib
0x000000000526a000 	/usr/lib/system/libsystem_platform.dylib
0x000000000526a000 	/usr/lib/system/libsystem_pthread.dylib
0x000000000526a000 	/usr/lib/system/libsystem_sandbox.dylib
0x000000000526a000 	/usr/lib/system/libsystem_secinit.dylib
0x000000000526a000 	/usr/lib/system/libsystem_stats.dylib
0x000000000526a000 	/usr/lib/system/libsystem_trace.dylib
0x000000000526a000 	/usr/lib/system/libunc.dylib
0x000000000526a000 	/usr/lib/system/libunwind.dylib
0x000000000526a000 	/usr/lib/system/libxpc.dylib
0x000000000526a000 	/usr/lib/libbz2.1.0.dylib
0x000000000526a000 	/usr/lib/liblzma.5.dylib
0x000000000526a000 	/usr/lib/libbsm.0.dylib
0x000000000526a000 	/usr/lib/libsqlite3.dylib
0x000000000526a000 	/usr/lib/system/libkxld.dylib
0x000000000526a000 	/usr/lib/libxar.1.dylib
0x000000000526a000 	/usr/lib/libpam.2.dylib
0x000000000526a000 	/usr/lib/libOpenScriptingUtil.dylib
0x000000000526a000 	/System/Library/Frameworks/CoreServices.framework/Versions/A/Frameworks/FSEvents.framework/Versions/A/FSEvents
0x000000000526a000 	/System/Library/Frameworks/CoreServices.framework/Versions/A/Frameworks/CarbonCore.framework/Versions/A/CarbonCore
0x000000000526a000 	/System/Library/Frameworks/CoreServices.framework/Versions/A/Frameworks/Metadata.framework/Versions/A/Metadata
0x000000000526a000 	/System/Library/Frameworks/CoreServices.framework/Versions/A/Frameworks/OSServices.framework/Versions/A/OSServices
0x000000000526a000 	/System/Library/Frameworks/CoreServices.framework/Versions/A/Frameworks/SearchKit.framework/Versions/A/SearchKit
0x000000000526a000 	/System/Library/Frameworks/CoreServices.framework/Versions/A/Frameworks/AE.framework/Versions/A/AE
0x000000000526a000 	/System/Library/Frameworks/CoreServices.framework/Versions/A/Frameworks/LaunchServices.framework/Versions/A/LaunchServices
0x000000000526a000 	/System/Library/Frameworks/CoreServices.framework/Versions/A/Frameworks/DictionaryServices.framework/Versions/A/DictionaryServices
0x000000000526a000 	/System/Library/Frameworks/NetFS.framework/Versions/A/NetFS
0x000000000526a000 	/System/Library/PrivateFrameworks/NetAuth.framework/Versions/A/NetAuth
0x000000000526a000 	/System/Library/PrivateFrameworks/login.framework/Versions/A/Frameworks/loginsupport.framework/Versions/A/loginsupport
0x000000000526a000 	/System/Library/PrivateFrameworks/TCC.framework/Versions/A/TCC
0x000000000526a000 	/usr/lib/libmecabra.dylib
0x000000000526a000 	/System/Library/PrivateFrameworks/LanguageModeling.framework/Versions/A/LanguageModeling
0x000000000526a000 	/usr/lib/libcmph.dylib
0x000000000526a000 	/usr/lib/libiconv.2.dylib
0x000000000526a000 	/System/Library/Frameworks/OpenDirectory.framework/Versions/A/Frameworks/CFOpenDirectory.framework/Versions/A/CFOpenDirectory
0x000000000526a000 	/System/Library/Frameworks/ServiceManagement.framework/Versions/A/ServiceManagement
0x000000000526a000 	/usr/lib/libxslt.1.dylib
0x000000000526a000 	/System/Library/Frameworks/Carbon.framework/Versions/A/Frameworks/Ink.framework/Versions/A/Ink
0x000000000526a000 	/System/Library/Frameworks/ApplicationServices.framework/Versions/A/Frameworks/ATS.framework/Versions/A/ATS
0x000000000526a000 	/System/Library/Frameworks/ApplicationServices.framework/Versions/A/Frameworks/ColorSync.framework/Versions/A/ColorSync
0x000000000526a000 	/System/Library/Frameworks/ApplicationServices.framework/Versions/A/Frameworks/HIServices.framework/Versions/A/HIServices
0x000000000526a000 	/System/Library/Frameworks/ApplicationServices.framework/Versions/A/Frameworks/LangAnalysis.framework/Versions/A/LangAnalysis
0x000000000526a000 	/System/Library/Frameworks/ApplicationServices.framework/Versions/A/Frameworks/PrintCore.framework/Versions/A/PrintCore
0x000000000526a000 	/System/Library/Frameworks/ApplicationServices.framework/Versions/A/Frameworks/QD.framework/Versions/A/QD
0x000000000526a000 	/System/Library/Frameworks/ApplicationServices.framework/Versions/A/Frameworks/SpeechSynthesis.framework/Versions/A/SpeechSynthesis
0x000000000526a000 	/System/Library/Frameworks/Accelerate.framework/Versions/A/Accelerate
0x000000000526a000 	/System/Library/Frameworks/Accelerate.framework/Versions/A/Frameworks/vImage.framework/Versions/A/vImage
0x000000000526a000 	/System/Library/Frameworks/Accelerate.framework/Versions/A/Frameworks/vecLib.framework/Versions/A/vecLib
0x000000000526a000 	/System/Library/Frameworks/Accelerate.framework/Versions/A/Frameworks/vecLib.framework/Versions/A/libvDSP.dylib
0x000000000526a000 	/System/Library/Frameworks/Accelerate.framework/Versions/A/Frameworks/vecLib.framework/Versions/A/libvMisc.dylib
0x000000000526a000 	/System/Library/Frameworks/Accelerate.framework/Versions/A/Frameworks/vecLib.framework/Versions/A/libLAPACK.dylib
0x000000000526a000 	/System/Library/Frameworks/Accelerate.framework/Versions/A/Frameworks/vecLib.framework/Versions/A/libBLAS.dylib
0x000000000526a000 	/System/Library/Frameworks/Accelerate.framework/Versions/A/Frameworks/vecLib.framework/Versions/A/libLinearAlgebra.dylib
0x000000000526a000 	/System/Library/Frameworks/ApplicationServices.framework/Versions/A/Frameworks/ATS.framework/Versions/A/Resources/libFontParser.dylib
0x000000000526a000 	/System/Library/Frameworks/ApplicationServices.framework/Versions/A/Frameworks/ATS.framework/Versions/A/Resources/libFontRegistry.dylib
0x000000000526a000 	/System/Library/PrivateFrameworks/AppleVPA.framework/Versions/A/AppleVPA
0x000000000526a000 	/System/Library/PrivateFrameworks/AppleJPEG.framework/Versions/A/AppleJPEG
0x000000000526a000 	/System/Library/Frameworks/ImageIO.framework/Versions/A/Resources/libJPEG.dylib
0x000000000526a000 	/System/Library/Frameworks/ImageIO.framework/Versions/A/Resources/libTIFF.dylib
0x000000000526a000 	/System/Library/Frameworks/ImageIO.framework/Versions/A/Resources/libPng.dylib
0x000000000526a000 	/System/Library/Frameworks/ImageIO.framework/Versions/A/Resources/libGIF.dylib
0x000000000526a000 	/System/Library/Frameworks/ImageIO.framework/Versions/A/Resources/libJP2.dylib
0x000000000526a000 	/System/Library/Frameworks/ImageIO.framework/Versions/A/Resources/libRadiance.dylib
0x000000000526a000 	/System/Library/Frameworks/CoreVideo.framework/Versions/A/CoreVideo
0x000000000526a000 	/System/Library/Frameworks/OpenGL.framework/Versions/A/Libraries/libGLU.dylib
0x000000000526a000 	/System/Library/Frameworks/OpenGL.framework/Versions/A/Libraries/libGFXShared.dylib
0x000000000526a000 	/System/Library/Frameworks/OpenGL.framework/Versions/A/Libraries/libGL.dylib
0x000000000526a000 	/System/Library/Frameworks/OpenGL.framework/Versions/A/Libraries/libGLImage.dylib
0x000000000526a000 	/System/Library/Frameworks/OpenGL.framework/Versions/A/Libraries/libCVMSPluginSupport.dylib
0x000000000526a000 	/System/Library/Frameworks/OpenGL.framework/Versions/A/Libraries/libCoreVMClient.dylib
0x000000000526a000 	/usr/lib/libcups.2.dylib
0x000000000526a000 	/System/Library/Frameworks/Kerberos.framework/Versions/A/Kerberos
0x000000000526a000 	/System/Library/Frameworks/GSS.framework/Versions/A/GSS
0x000000000526a000 	/usr/lib/libresolv.9.dylib
0x000000000526a000 	/System/Library/PrivateFrameworks/Heimdal.framework/Versions/A/Heimdal
0x000000000526a000 	/usr/lib/libheimdal-asn1.dylib
0x000000000526a000 	/System/Library/Frameworks/OpenDirectory.framework/Versions/A/OpenDirectory
0x000000000526a000 	/System/Library/PrivateFrameworks/CommonAuth.framework/Versions/A/CommonAuth
0x000000000526a000 	/System/Library/Frameworks/SecurityFoundation.framework/Versions/A/SecurityFoundation
0x000000000526a000 	/System/Library/Frameworks/QuartzCore.framework/Versions/A/Frameworks/CoreImage.framework/Versions/A/CoreImage
0x000000000526a000 	/System/Library/PrivateFrameworks/CrashReporterSupport.framework/Versions/A/CrashReporterSupport
0x000000000526a000 	/System/Library/Frameworks/OpenCL.framework/Versions/A/OpenCL
0x000000000526a000 	/System/Library/PrivateFrameworks/FaceCore.framework/Versions/A/FaceCore
0x000000000526a000 	/System/Library/PrivateFrameworks/Ubiquity.framework/Versions/A/Ubiquity
0x000000000526a000 	/System/Library/PrivateFrameworks/IconServices.framework/Versions/A/IconServices
0x000000000526a000 	/System/Library/PrivateFrameworks/ChunkingLibrary.framework/Versions/A/ChunkingLibrary
0x000000000526a000 	/System/Library/PrivateFrameworks/Apple80211.framework/Versions/A/Apple80211
0x000000000526a000 	/System/Library/Frameworks/CoreWLAN.framework/Versions/A/CoreWLAN
0x000000000526a000 	/System/Library/Frameworks/IOBluetooth.framework/Versions/A/IOBluetooth
0x000000000526a000 	/System/Library/PrivateFrameworks/CoreWiFi.framework/Versions/A/CoreWiFi
0x000000000526a000 	/System/Library/Frameworks/CoreBluetooth.framework/Versions/A/CoreBluetooth
0x000000000526a000 	/System/Library/PrivateFrameworks/DebugSymbols.framework/Versions/A/DebugSymbols
0x000000000526a000 	/System/Library/PrivateFrameworks/CoreSymbolication.framework/Versions/A/CoreSymbolication
0x000000000526a000 	/System/Library/PrivateFrameworks/Symbolication.framework/Versions/A/Symbolication
0x000000000526a000 	/System/Library/PrivateFrameworks/SpeechRecognitionCore.framework/Versions/A/SpeechRecognitionCore
0x00000001055f5000 	/Library/Java/JavaVirtualMachines/jdk1.8.0_05.jdk/Contents/Home/jre/lib/server/libjvm.dylib
0x000000000526a000 	/usr/lib/libstdc++.6.dylib
0x00000001065cf000 	/Library/Java/JavaVirtualMachines/jdk1.8.0_05.jdk/Contents/Home/jre/lib/libverify.dylib
0x0000000106e00000 	/Library/Java/JavaVirtualMachines/jdk1.8.0_05.jdk/Contents/Home/jre/lib/libjava.dylib
0x0000000106e34000 	/Library/Java/JavaVirtualMachines/jdk1.8.0_05.jdk/Contents/Home/jre/lib/libinstrument.dylib
0x00000001065e8000 	/Library/Java/JavaVirtualMachines/jdk1.8.0_05.jdk/Contents/Home/jre/lib/libzip.dylib
0x000000011a001000 	/System/Library/Frameworks/JavaVM.framework/Frameworks/JavaRuntimeSupport.framework/JavaRuntimeSupport
0x000000011a019000 	/System/Library/Frameworks/JavaVM.framework/Versions/A/Frameworks/JavaNativeFoundation.framework/Versions/A/JavaNativeFoundation
0x000000011a02e000 	/System/Library/Frameworks/JavaVM.framework/Versions/A/JavaVM
0x000000000526a000 	/System/Library/Frameworks/Carbon.framework/Versions/A/Carbon
0x000000011a03b000 	/System/Library/PrivateFrameworks/JavaLaunching.framework/Versions/A/JavaLaunching
0x000000000526a000 	/System/Library/Frameworks/Carbon.framework/Versions/A/Frameworks/CommonPanels.framework/Versions/A/CommonPanels
0x000000000526a000 	/System/Library/Frameworks/Carbon.framework/Versions/A/Frameworks/Help.framework/Versions/A/Help
0x000000000526a000 	/System/Library/Frameworks/Carbon.framework/Versions/A/Frameworks/ImageCapture.framework/Versions/A/ImageCapture
0x000000000526a000 	/System/Library/Frameworks/Carbon.framework/Versions/A/Frameworks/OpenScripting.framework/Versions/A/OpenScripting
0x000000000526a000 	/System/Library/Frameworks/Carbon.framework/Versions/A/Frameworks/Print.framework/Versions/A/Print
0x000000000526a000 	/System/Library/Frameworks/Carbon.framework/Versions/A/Frameworks/SecurityHI.framework/Versions/A/SecurityHI
0x000000011c096000 	/private/var/folders/nd/ds3mp1gd1nv_zm0_dk96r_qw0000gn/T/libjansi-64-1403284684038938124.jnilib
0x000000011c392000 	/Library/Java/JavaVirtualMachines/jdk1.8.0_05.jdk/Contents/Home/jre/lib/libnet.dylib
0x000000011c3a8000 	/Library/Java/JavaVirtualMachines/jdk1.8.0_05.jdk/Contents/Home/jre/lib/libmanagement.dylib
0x000000011c710000 	/Library/Java/JavaVirtualMachines/jdk1.8.0_05.jdk/Contents/Home/jre/lib/libnio.dylib

VM Arguments:
jvm_args: -Dfile.encoding=UTF-8 -Xmx768M -Xms64M -Dgrails.fork.active=true -Dgrails.build.execution.context=/private/var/folders/nd/ds3mp1gd1nv_zm0_dk96r_qw0000gn/T/AFTSurvey5920796857699173318grails-execution-context -Dgrails.home=/usr/lib/grails/grails-2.4.0 -javaagent:/usr/lib/grails/grails-2.4.0/lib/org.springframework/springloaded/jars/springloaded-1.2.0.RELEASE.jar -Xverify:none -Dspringloaded.synchronize=true -Djdk.reflect.allowGetCallerClass=true -Dspringloaded=profile=grails;cacheDir=/Users/mmain/.grails/2.4.0 
java_command: org.grails.plugins.tomcat.fork.ForkedTomcatServer
java_class_path (initial): /Library/Java/JavaVirtualMachines/jdk1.8.0_05.jdk/Contents/Home/lib/tools.jar:/Users/mmain/.m2/repository/org/codehaus/groovy/groovy-all/2.3.1/groovy-all-2.3.1.jar:/Users/mmain/.m2/repository/org/slf4j/jcl-over-slf4j/1.7.5/jcl-over-slf4j-1.7.5.jar:/usr/lib/grails/grails-2.4.0/lib/org.codehaus.gant/gant_groovy1.8/jars/gant_groovy1.8-1.9.6.jar:/Users/mmain/.m2/repository/org/apache/tomcat/embed/tomcat-embed-logging-log4j/7.0.50/tomcat-embed-logging-log4j-7.0.50.jar:/Users/mmain/.m2/repository/org/grails/grails-plugin-log4j/2.4.0/grails-plugin-log4j-2.4.0.jar:/Users/mmain/.m2/repository/log4j/log4j/1.2.17/log4j-1.2.17.jar:/Users/mmain/.m2/repository/org/grails/grails-bootstrap/2.4.0/grails-bootstrap-2.4.0.jar:/Users/mmain/.m2/repository/org/slf4j/slf4j-api/1.7.5/slf4j-api-1.7.5.jar:/Users/mmain/.m2/repository/org/apache/ant/ant/1.8.4/ant-1.8.4.jar:/Users/mmain/.m2/repository/jline/jline/2.11/jline-2.11.jar:/Users/mmain/.m2/repository/org/apache/ant/ant-launcher/1.8.4/ant-launcher-1.8.4.jar:/Users/mmain/.m2/repository/org/apache/ant/ant-trax/1.7.1/ant-trax-1.7.1.jar:/Users/mmain/.m2/repository/org/apache/ant/ant-junit/1.8.4/ant-junit-1.8.4.jar:/Users/mmain/.m2/repository/org/apache/ivy/ivy/2.3.0/ivy-2.3.0.jar:/Users/mmain/.m2/repository/org/fusesource/jansi/jansi/1.11/jansi-1.11.jar:/Users/mmain/.m2/repository/org/apache/tomcat/embed/tomcat-embed-logging-log4j/7.0.53/tomcat-embed-logging-log4j-7.0.53.jar:/Users/mmain/.m2/repository/org/apache/tomcat/embed/tomcat-embed-core/7.0.53/tomcat-embed-core-7.0.53.jar:/Users/mmain/.m2/repository/org/apache/tomcat/tomcat-catalina-ant/7.0.53/tomcat-catalina-ant-7.0.53.jar:/Users/mmain/.m2/repository/org/apache/tomcat/embed/tomcat-embed-jasper/7.0.53/tomcat-embed-jasper-7.0.53.jar:/Users/mmain/.m2/repository/org/apache/tomcat/embed/tomcat-embed-el/7.0.53/tomcat-embed-el-7.0.53.jar:/Users/mmain/Documents/grails-workspace/AFTSurvey/target/work/plugins/tomcat-7.0.53/grails-plugin-tomcat-7.0.53.jar:/Users/mm
Launcher Type: SUN_STANDARD

Environment Variables:
JAVA_HOME=/Library/Java/JavaVirtualMachines/jdk1.8.0_05.jdk/Contents/Home
PATH=/usr/bin:/bin:/usr/sbin:/sbin
SHELL=/bin/bash

Signal Handlers:
SIGSEGV: [libjvm.dylib+0x55f7df], sa_mask[0]=0xfffefeff, sa_flags=0x00000043
SIGBUS: [libjvm.dylib+0x55f7df], sa_mask[0]=0xfffefeff, sa_flags=0x00000042
SIGFPE: [libjvm.dylib+0x442cfa], sa_mask[0]=0xfffefeff, sa_flags=0x00000042
SIGPIPE: [libjvm.dylib+0x442cfa], sa_mask[0]=0xfffefeff, sa_flags=0x00000042
SIGXFSZ: [libjvm.dylib+0x442cfa], sa_mask[0]=0xfffefeff, sa_flags=0x00000042
SIGILL: [libjvm.dylib+0x442cfa], sa_mask[0]=0xfffefeff, sa_flags=0x00000042
SIGUSR1: SIG_DFL, sa_mask[0]=0x00000000, sa_flags=0x00000000
SIGUSR2: [libjvm.dylib+0x442818], sa_mask[0]=0x00000004, sa_flags=0x00000042
SIGHUP: [libjvm.dylib+0x440ba5], sa_mask[0]=0xfffefeff, sa_flags=0x00000042
SIGINT: [libjvm.dylib+0x440ba5], sa_mask[0]=0xfffefeff, sa_flags=0x00000042
SIGTERM: [libjvm.dylib+0x440ba5], sa_mask[0]=0xfffefeff, sa_flags=0x00000042
SIGQUIT: [libjvm.dylib+0x440ba5], sa_mask[0]=0xfffefeff, sa_flags=0x00000042


---------------  S Y S T E M  ---------------

OS:Bsduname:Darwin 14.0.0 Darwin Kernel Version 14.0.0: Fri Sep 19 00:26:44 PDT 2014; root:xnu-2782.1.97~2/RELEASE_X86_64 x86_64
rlimit: STACK 8192k, CORE 0k, NPROC 709, NOFILE 10240, AS infinity
load average:3.84 2.93 2.69

CPU:total 4 (2 cores per cpu, 2 threads per core) family 6 model 69 stepping 1, cmov, cx8, fxsr, mmx, sse, sse2, sse3, ssse3, sse4.1, sse4.2, popcnt, avx, avx2, aes, clmul, erms, ht, tsc, tscinvbit

Memory: 4k page, physical 4194304k(33112k free)

/proc/meminfo:


vm_info: Java HotSpot(TM) 64-Bit Server VM (25.5-b02) for bsd-amd64 JRE (1.8.0_05-b13), built on Mar 18 2014 00:36:13 by "java_re" with gcc 4.2.1 (Based on Apple Inc. build 5658) (LLVM build 2336.11.00)

time: Sun Jan 11 23:54:14 2015
elapsed time: 16 seconds

