#
# A fatal error has been detected by the Java Runtime Environment:
#
#  SIGSEGV (0xb) at pc=0x00000001063d02f0, pid=6980, tid=16643
#
# JRE version: Java(TM) SE Runtime Environment (8.0_05-b13) (build 1.8.0_05-b13)
# Java VM: Java HotSpot(TM) 64-Bit Server VM (25.5-b02 mixed mode bsd-amd64 compressed oops)
# Problematic frame:
# V  [libjvm.dylib+0xd02f0]
#
# Failed to write core dump. Core dumps have been disabled. To enable core dumping, try "ulimit -c unlimited" before starting Java again
#
# If you would like to submit a bug report, please visit:
#   http://bugreport.sun.com/bugreport/crash.jsp
#

---------------  T H R E A D  ---------------

Current thread (0x00007fe12d03e000):  JavaThread "C2 CompilerThread0" daemon [_thread_in_native, id=16643, stack(0x000000011c825000,0x000000011c925000)]

siginfo:si_signo=SIGSEGV: si_errno=0, si_code=1 (SEGV_MAPERR), si_addr=0x0000000000000000

Registers:
RAX=0x00007fe12ce13408, RBX=0x00007fe12ec4fd38, RCX=0x0000000000000000, RDX=0x0000000000000008
RSP=0x000000011c921870, RBP=0x000000011c9218e0, RSI=0x000000000000001c, RDI=0x0000000000000000
R8 =0x00007fe13002d330, R9 =0x00007fe12fc8c678, R10=0x0000000000000067, R11=0x00000000000008d0
R12=0x0000000000000000, R13=0x0000000000000013, R14=0x00007fe12ec4fd38, R15=0x00000000000000c0
RIP=0x00000001063d02f0, EFLAGS=0x0000000000010206, ERR=0x0000000000000004
  TRAPNO=0x000000000000000e

Top of Stack: (sp=0x000000011c921870)
0x000000011c921870:   000000011c9218e0 00000000000000da
0x000000011c921880:   00007fe13002d330 00007fe130344070
0x000000011c921890:   00007fe12ce13ae0 0000001c00000008
0x000000011c9218a0:   000000011c922550 00007fe12ce13b10
0x000000011c9218b0:   00000000000000b8 00007fe12ce13ae0
0x000000011c9218c0:   0000000000000012 0000000000000013
0x000000011c9218d0:   00007fe12ec4fd38 00007fe12ce1ffff
0x000000011c9218e0:   000000011c921940 00000001063d000d
0x000000011c9218f0:   000000011c921940 000000da1c923fd0
0x000000011c921900:   00007fe130028f70 0000000a2ce13400
0x000000011c921910:   000000011c922550 00007fe12fc8cdf8
0x000000011c921920:   00007fe12ce13ae0 0000000000000004
0x000000011c921930:   00007fe12ce10590 00007fe12ce13210
0x000000011c921940:   000000011c921a40 00000001063d0f3b
0x000000011c921950:   000000000112d040 0000000000000007
0x000000011c921960:   0000000000000007 00007fe13002b18c
0x000000011c921970:   00000000000000da 000000000000001c
0x000000011c921980:   00007fe13002b18c 00007fe12bf1b2d0
0x000000011c921990:   000000011c923fd0 0000000000000007
0x000000011c9219a0:   00007fe13002b18c 0000000000000007
0x000000011c9219b0:   ffffffffffffffff 000000011c922680
0x000000011c9219c0:   00007fe12fc8c678 00007fe130028f70
0x000000011c9219d0:   00000000000006d0 00000000000001b4
0x000000011c9219e0:   0000000000000000 0000000100000080
0x000000011c9219f0:   00007fe12bf1b2d0 00007fe13002b590
0x000000011c921a00:   00007fe100000004 0000000000000014
0x000000011c921a10:   0000000000000000 000000011c923fd0
0x000000011c921a20:   000000011c922680 00000000000009eb
0x000000011c921a30:   00007fe130025c10 000000011c924798
0x000000011c921a40:   000000011c921a90 000000010674b7d8
0x000000011c921a50:   00007fe12ec4f180 00007fe12fc87068
0x000000011c921a60:   000000011c924140 000000011c923fd0 

Instructions: (pc=0x00000001063d02f0)
0x00000001063d02d0:   00 00 44 89 ff 8b 75 bc 8b 55 b8 e8 fa 0c 00 00
0x00000001063d02e0:   48 89 45 d0 48 8b 45 b0 48 8b 40 08 4e 8b 24 f8
0x00000001063d02f0:   49 8b 04 24 4c 89 e7 ff 50 28 48 63 48 10 48 89
0x00000001063d0300:   ca 48 c1 e2 05 48 8d 35 74 8a 6f 00 80 7c 16 10 

Register to memory mapping:

RAX=0x00007fe12ce13408 is an unknown value
RBX=0x00007fe12ec4fd38 is an unknown value
RCX=0x0000000000000000 is an unknown value
RDX=0x0000000000000008 is an unknown value
RSP=0x000000011c921870 is pointing into the stack for thread: 0x00007fe12d03e000
RBP=0x000000011c9218e0 is pointing into the stack for thread: 0x00007fe12d03e000
RSI=0x000000000000001c is an unknown value
RDI=0x0000000000000000 is an unknown value
R8 =0x00007fe13002d330 is an unknown value
R9 =0x00007fe12fc8c678 is an unknown value
R10=0x0000000000000067 is an unknown value
R11=0x00000000000008d0 is an unknown value
R12=0x0000000000000000 is an unknown value
R13=0x0000000000000013 is an unknown value
R14=0x00007fe12ec4fd38 is an unknown value
R15=0x00000000000000c0 is an unknown value


Stack: [0x000000011c825000,0x000000011c925000],  sp=0x000000011c921870,  free space=1010k
Native frames: (J=compiled Java code, j=interpreted, Vv=VM code, C=native code)
V  [libjvm.dylib+0xd02f0]
V  [libjvm.dylib+0xd000d]
V  [libjvm.dylib+0xd0f3b]
V  [libjvm.dylib+0x44b7d8]
V  [libjvm.dylib+0x19d040]
V  [libjvm.dylib+0x1a0a7b]
V  [libjvm.dylib+0x143eb2]
V  [libjvm.dylib+0x1a431c]
V  [libjvm.dylib+0x1a642b]
V  [libjvm.dylib+0x51ccf5]
V  [libjvm.dylib+0x51e432]
V  [libjvm.dylib+0x445426]
C  [libsystem_pthread.dylib+0x32fc]  _pthread_body+0x83
C  [libsystem_pthread.dylib+0x3279]  _pthread_body+0x0
C  [libsystem_pthread.dylib+0x14b1]  thread_start+0xd


Current CompileTask:
C2:  21063 5187       4       groovy.lang.MetaClassImpl::findPropertyMethod (356 bytes)


---------------  P R O C E S S  ---------------

Java Threads: ( => current thread )
  0x00007fe12c9ea000 JavaThread "Thread-8" daemon [_thread_in_native, id=14091, stack(0x0000000120e0f000,0x0000000120f0f000)]
  0x00007fe12d073000 JavaThread "net.sf.ehcache.CacheManager@4113da91" daemon [_thread_blocked, id=12807, stack(0x000000012082b000,0x000000012092b000)]
  0x00007fe12d6fb000 JavaThread "PoolCleaner[891971854:1421080037288]" daemon [_thread_blocked, id=13323, stack(0x000000012001f000,0x000000012011f000)]
  0x00007fe12f805800 JavaThread "FileSystemWatcher: files=#108 cl=groovy.lang.GroovyClassLoader@352a690e" daemon [_thread_blocked, id=22275, stack(0x000000011ef89000,0x000000011f089000)]
  0x00007fe12e914800 JavaThread "Thread-3" daemon [_thread_in_native, id=21763, stack(0x000000011ee86000,0x000000011ef86000)]
  0x00007fe12c5c8800 JavaThread "localhost-startStop-1" daemon [_thread_in_vm, id=21251, stack(0x000000011e946000,0x000000011ea46000)]
  0x00007fe12df2e800 JavaThread "Tomcat-startStop-1" daemon [_thread_blocked, id=20739, stack(0x000000011e12a000,0x000000011e22a000)]
  0x00007fe12def9000 JavaThread "Thread-2" [_thread_in_native, id=20227, stack(0x000000011e027000,0x000000011e127000)]
  0x00007fe12ca51000 JavaThread "NonBlockingInputStreamThread" daemon [_thread_blocked, id=19715, stack(0x000000011d2e5000,0x000000011d3e5000)]
  0x00007fe12c01f000 JavaThread "process reaper" daemon [_thread_blocked, id=19203, stack(0x000000011d0b7000,0x000000011d0df000)]
  0x00007fe12c8e0800 JavaThread "Service Thread" daemon [_thread_blocked, id=18179, stack(0x000000011cb2e000,0x000000011cc2e000)]
  0x00007fe12c8c2800 JavaThread "C1 CompilerThread2" daemon [_thread_blocked, id=17667, stack(0x000000011ca2b000,0x000000011cb2b000)]
  0x00007fe12d86e800 JavaThread "C2 CompilerThread1" daemon [_thread_in_native, id=17155, stack(0x000000011c928000,0x000000011ca28000)]
=>0x00007fe12d03e000 JavaThread "C2 CompilerThread0" daemon [_thread_in_native, id=16643, stack(0x000000011c825000,0x000000011c925000)]
  0x00007fe12d03c800 JavaThread "Signal Dispatcher" daemon [_thread_blocked, id=12307, stack(0x000000011c557000,0x000000011c657000)]
  0x00007fe12c812000 JavaThread "Finalizer" daemon [_thread_blocked, id=11523, stack(0x000000011ac11000,0x000000011ad11000)]
  0x00007fe12c811000 JavaThread "Reference Handler" daemon [_thread_blocked, id=11011, stack(0x000000011ab0e000,0x000000011ac0e000)]
  0x00007fe12d007000 JavaThread "main" [_thread_blocked, id=4867, stack(0x0000000107a01000,0x0000000107b01000)]

Other Threads:
  0x00007fe12d823000 VMThread [stack: 0x000000011aa0b000,0x000000011ab0b000] [id=10499]
  0x00007fe12d86f800 WatcherThread [stack: 0x000000011cc31000,0x000000011cd31000] [id=18691]

VM state:not at safepoint (normal execution)

VM Mutex/Monitor currently owned by a thread: None

Heap:
 PSYoungGen      total 237056K, used 71817K [0x00000007b0000000, 0x00000007bff80000, 0x00000007c0000000)
  eden space 214528K, 26% used [0x00000007b0000000,0x00000007b37e0eb8,0x00000007bd180000)
  from space 22528K, 64% used [0x00000007be980000,0x00000007bf7c1568,0x00000007bff80000)
  to   space 23552K, 0% used [0x00000007bd180000,0x00000007bd180000,0x00000007be880000)
 ParOldGen       total 104960K, used 88933K [0x0000000790000000, 0x0000000796680000, 0x00000007b0000000)
  object space 104960K, 84% used [0x0000000790000000,0x00000007956d9430,0x0000000796680000)
 Metaspace       used 61810K, capacity 63468K, committed 63488K, reserved 1105920K
  class space    used 7155K, capacity 7674K, committed 7680K, reserved 1048576K

Card table byte_map: [0x0000000116f4b000,0x00000001170cc000] byte_map_base: 0x00000001132cb000

Marking Bits: (ParMarkBitMap*) 0x0000000106b660a0
 Begin Bits: [0x00000001175d8000, 0x00000001181d8000)
 End Bits:   [0x00000001181d8000, 0x0000000118dd8000)

Polling page: 0x00000001071e5000

CodeCache: size=245760Kb used=17600Kb max_used=17638Kb free=228159Kb
 bounds [0x0000000107b8b000, 0x0000000108ceb000, 0x0000000116b8b000]
 total_blobs=5907 nmethods=5153 adapters=666
 compilation: enabled

Compilation events (10 events):
Event: 20.998 Thread 0x00007fe12c8c2800 5601       1       org.hibernate.cfg.Settings::isQueryCacheEnabled (5 bytes)
Event: 20.998 Thread 0x00007fe12c8c2800 nmethod 5601 0x00000001082c4150 code [0x00000001082c42a0, 0x00000001082c43b0]
Event: 20.998 Thread 0x00007fe12c8c2800 5597       2       sun.reflect.ClassFileAssembler::getMaxStack (6 bytes)
Event: 20.999 Thread 0x00007fe12c8c2800 nmethod 5597 0x00000001082c3e50 code [0x00000001082c3fa0, 0x00000001082c40f0]
Event: 21.000 Thread 0x00007fe12c8c2800 5603       2       java.util.logging.Logger::isLoggable (25 bytes)
Event: 21.001 Thread 0x00007fe12c8c2800 nmethod 5603 0x00000001082c3ad0 code [0x00000001082c3c20, 0x00000001082c3db0]
Event: 21.006 Thread 0x00007fe12c8c2800 5605       2       java.lang.Integer::reverseBytes (26 bytes)
Event: 21.006 Thread 0x00007fe12c8c2800 nmethod 5605 0x00000001082c3450 code [0x00000001082c35a0, 0x00000001082c36f0]
Event: 21.008 Thread 0x00007fe12d03e000 nmethod 5185 0x000000010816dc10 code [0x000000010816e160, 0x0000000108172918]
Event: 21.009 Thread 0x00007fe12d03e000 5187       4       groovy.lang.MetaClassImpl::findPropertyMethod (356 bytes)

GC Heap History (10 events):
Event: 16.710 GC heap before
{Heap before GC invocations=67 (full 6):
 PSYoungGen      total 246272K, used 15871K [0x00000007b0000000, 0x00000007c0000000, 0x00000007c0000000)
  eden space 230400K, 0% used [0x00000007b0000000,0x00000007b0000000,0x00000007be100000)
  from space 15872K, 99% used [0x00000007be100000,0x00000007bf07fd10,0x00000007bf080000)
  to   space 15872K, 0% used [0x00000007bf080000,0x00000007bf080000,0x00000007c0000000)
 ParOldGen       total 72704K, used 70867K [0x0000000790000000, 0x0000000794700000, 0x00000007b0000000)
  object space 72704K, 97% used [0x0000000790000000,0x0000000794534f58,0x0000000794700000)
 Metaspace       used 54829K, capacity 56068K, committed 56448K, reserved 1099776K
  class space    used 6116K, capacity 6503K, committed 6528K, reserved 1048576K
Event: 17.813 GC heap after
Heap after GC invocations=67 (full 6):
 PSYoungGen      total 246272K, used 12145K [0x00000007b0000000, 0x00000007c0000000, 0x00000007c0000000)
  eden space 230400K, 0% used [0x00000007b0000000,0x00000007b0000000,0x00000007be100000)
  from space 15872K, 76% used [0x00000007be100000,0x00000007becdc440,0x00000007bf080000)
  to   space 15872K, 0% used [0x00000007bf080000,0x00000007bf080000,0x00000007c0000000)
 ParOldGen       total 87552K, used 72293K [0x0000000790000000, 0x0000000795580000, 0x00000007b0000000)
  object space 87552K, 82% used [0x0000000790000000,0x00000007946995c0,0x0000000795580000)
 Metaspace       used 54829K, capacity 56068K, committed 56448K, reserved 1099776K
  class space    used 6116K, capacity 6503K, committed 6528K, reserved 1048576K
}
Event: 18.662 GC heap before
{Heap before GC invocations=68 (full 6):
 PSYoungGen      total 246272K, used 242545K [0x00000007b0000000, 0x00000007c0000000, 0x00000007c0000000)
  eden space 230400K, 100% used [0x00000007b0000000,0x00000007be100000,0x00000007be100000)
  from space 15872K, 76% used [0x00000007be100000,0x00000007becdc440,0x00000007bf080000)
  to   space 15872K, 0% used [0x00000007bf080000,0x00000007bf080000,0x00000007c0000000)
 ParOldGen       total 87552K, used 72293K [0x0000000790000000, 0x0000000795580000, 0x00000007b0000000)
  object space 87552K, 82% used [0x0000000790000000,0x00000007946995c0,0x0000000795580000)
 Metaspace       used 56882K, capacity 58190K, committed 58368K, reserved 1101824K
  class space    used 6460K, capacity 6844K, committed 6912K, reserved 1048576K
Event: 18.698 GC heap after
Heap after GC invocations=68 (full 6):
 PSYoungGen      total 228864K, used 15871K [0x00000007b0000000, 0x00000007c0000000, 0x00000007c0000000)
  eden space 212992K, 0% used [0x00000007b0000000,0x00000007b0000000,0x00000007bd000000)
  from space 15872K, 99% used [0x00000007bf080000,0x00000007bffffc10,0x00000007c0000000)
  to   space 24576K, 0% used [0x00000007bd000000,0x00000007bd000000,0x00000007be800000)
 ParOldGen       total 87552K, used 78339K [0x0000000790000000, 0x0000000795580000, 0x00000007b0000000)
  object space 87552K, 89% used [0x0000000790000000,0x0000000794c80f48,0x0000000795580000)
 Metaspace       used 56882K, capacity 58190K, committed 58368K, reserved 1101824K
  class space    used 6460K, capacity 6844K, committed 6912K, reserved 1048576K
}
Event: 18.698 GC heap before
{Heap before GC invocations=69 (full 7):
 PSYoungGen      total 228864K, used 15871K [0x00000007b0000000, 0x00000007c0000000, 0x00000007c0000000)
  eden space 212992K, 0% used [0x00000007b0000000,0x00000007b0000000,0x00000007bd000000)
  from space 15872K, 99% used [0x00000007bf080000,0x00000007bffffc10,0x00000007c0000000)
  to   space 24576K, 0% used [0x00000007bd000000,0x00000007bd000000,0x00000007be800000)
 ParOldGen       total 87552K, used 78339K [0x0000000790000000, 0x0000000795580000, 0x00000007b0000000)
  object space 87552K, 89% used [0x0000000790000000,0x0000000794c80f48,0x0000000795580000)
 Metaspace       used 56882K, capacity 58190K, committed 58368K, reserved 1101824K
  class space    used 6460K, capacity 6844K, committed 6912K, reserved 1048576K
Event: 19.322 GC heap after
Heap after GC invocations=69 (full 7):
 PSYoungGen      total 228864K, used 6089K [0x00000007b0000000, 0x00000007c0000000, 0x00000007c0000000)
  eden space 212992K, 0% used [0x00000007b0000000,0x00000007b0000000,0x00000007bd000000)
  from space 15872K, 38% used [0x00000007bf080000,0x00000007bf672440,0x00000007c0000000)
  to   space 24576K, 0% used [0x00000007bd000000,0x00000007bd000000,0x00000007be800000)
 ParOldGen       total 104960K, used 87069K [0x0000000790000000, 0x0000000796680000, 0x00000007b0000000)
  object space 104960K, 82% used [0x0000000790000000,0x0000000795507430,0x0000000796680000)
 Metaspace       used 56882K, capacity 58190K, committed 58368K, reserved 1101824K
  class space    used 6460K, capacity 6844K, committed 6912K, reserved 1048576K
}
Event: 20.042 GC heap before
{Heap before GC invocations=70 (full 7):
 PSYoungGen      total 228864K, used 213130K [0x00000007b0000000, 0x00000007c0000000, 0x00000007c0000000)
  eden space 212992K, 97% used [0x00000007b0000000,0x00000007bca304b0,0x00000007bd000000)
  from space 15872K, 38% used [0x00000007bf080000,0x00000007bf672440,0x00000007c0000000)
  to   space 24576K, 0% used [0x00000007bd000000,0x00000007bd000000,0x00000007be800000)
 ParOldGen       total 104960K, used 87069K [0x0000000790000000, 0x0000000796680000, 0x00000007b0000000)
  object space 104960K, 82% used [0x0000000790000000,0x0000000795507430,0x0000000796680000)
 Metaspace       used 58436K, capacity 59826K, committed 59904K, reserved 1101824K
  class space    used 6701K, capacity 7121K, committed 7168K, reserved 1048576K
Event: 20.076 GC heap after
Heap after GC invocations=70 (full 7):
 PSYoungGen      total 237568K, used 10443K [0x00000007b0000000, 0x00000007c0000000, 0x00000007c0000000)
  eden space 212992K, 0% used [0x00000007b0000000,0x00000007b0000000,0x00000007bd000000)
  from space 24576K, 42% used [0x00000007bd000000,0x00000007bda32c10,0x00000007be800000)
  to   space 23040K, 0% used [0x00000007be980000,0x00000007be980000,0x00000007c0000000)
 ParOldGen       total 104960K, used 88925K [0x0000000790000000, 0x0000000796680000, 0x00000007b0000000)
  object space 104960K, 84% used [0x0000000790000000,0x00000007956d7430,0x0000000796680000)
 Metaspace       used 58436K, capacity 59826K, committed 59904K, reserved 1101824K
  class space    used 6701K, capacity 7121K, committed 7168K, reserved 1048576K
}
Event: 20.729 GC heap before
{Heap before GC invocations=71 (full 7):
 PSYoungGen      total 237568K, used 223435K [0x00000007b0000000, 0x00000007c0000000, 0x00000007c0000000)
  eden space 212992K, 100% used [0x00000007b0000000,0x00000007bd000000,0x00000007bd000000)
  from space 24576K, 42% used [0x00000007bd000000,0x00000007bda32c10,0x00000007be800000)
  to   space 23040K, 0% used [0x00000007be980000,0x00000007be980000,0x00000007c0000000)
 ParOldGen       total 104960K, used 88925K [0x0000000790000000, 0x0000000796680000, 0x00000007b0000000)
  object space 104960K, 84% used [0x0000000790000000,0x00000007956d7430,0x0000000796680000)
 Metaspace       used 60728K, capacity 62226K, committed 62336K, reserved 1103872K
  class space    used 7005K, capacity 7501K, committed 7552K, reserved 1048576K
Event: 20.746 GC heap after
Heap after GC invocations=71 (full 7):
 PSYoungGen      total 237056K, used 14597K [0x00000007b0000000, 0x00000007bff80000, 0x00000007c0000000)
  eden space 214528K, 0% used [0x00000007b0000000,0x00000007b0000000,0x00000007bd180000)
  from space 22528K, 64% used [0x00000007be980000,0x00000007bf7c1568,0x00000007bff80000)
  to   space 23552K, 0% used [0x00000007bd180000,0x00000007bd180000,0x00000007be880000)
 ParOldGen       total 104960K, used 88933K [0x0000000790000000, 0x0000000796680000, 0x00000007b0000000)
  object space 104960K, 84% used [0x0000000790000000,0x00000007956d9430,0x0000000796680000)
 Metaspace       used 60728K, capacity 62226K, committed 62336K, reserved 1103872K
  class space    used 7005K, capacity 7501K, committed 7552K, reserved 1048576K
}

Deoptimization events (10 events):
Event: 14.774 Thread 0x00007fe12c5c8800 Uncommon trap: reason=bimorphic action=maybe_recompile pc=0x0000000108a22734 method=groovy.lang.MetaClassImpl$1MOPIter.methodNameAction(Ljava/lang/Class;Lorg/codehaus/groovy/runtime/metaclass/MetaMethodIndex$Entry;)V @ 268
Event: 14.774 Thread 0x00007fe12c5c8800 Uncommon trap: reason=bimorphic action=maybe_recompile pc=0x0000000108a22734 method=groovy.lang.MetaClassImpl$1MOPIter.methodNameAction(Ljava/lang/Class;Lorg/codehaus/groovy/runtime/metaclass/MetaMethodIndex$Entry;)V @ 268
Event: 14.774 Thread 0x00007fe12c5c8800 Uncommon trap: reason=bimorphic action=maybe_recompile pc=0x0000000108a22734 method=groovy.lang.MetaClassImpl$1MOPIter.methodNameAction(Ljava/lang/Class;Lorg/codehaus/groovy/runtime/metaclass/MetaMethodIndex$Entry;)V @ 268
Event: 14.774 Thread 0x00007fe12c5c8800 Uncommon trap: reason=bimorphic action=maybe_recompile pc=0x0000000108a22734 method=groovy.lang.MetaClassImpl$1MOPIter.methodNameAction(Ljava/lang/Class;Lorg/codehaus/groovy/runtime/metaclass/MetaMethodIndex$Entry;)V @ 268
Event: 15.338 Thread 0x00007fe12c5c8800 Uncommon trap: reason=class_check action=maybe_recompile pc=0x0000000108b26878 method=java.lang.reflect.Executable.getAnnotation(Ljava/lang/Class;)Ljava/lang/annotation/Annotation; @ 19
Event: 16.263 Thread 0x00007fe12c5c8800 Uncommon trap: reason=class_check action=maybe_recompile pc=0x0000000108b26878 method=java.lang.reflect.Executable.getAnnotation(Ljava/lang/Class;)Ljava/lang/annotation/Annotation; @ 19
Event: 16.639 Thread 0x00007fe12c5c8800 Uncommon trap: reason=class_check action=maybe_recompile pc=0x0000000108b26878 method=java.lang.reflect.Executable.getAnnotation(Ljava/lang/Class;)Ljava/lang/annotation/Annotation; @ 19
Event: 18.259 Thread 0x00007fe12c5c8800 Uncommon trap: reason=class_check action=maybe_recompile pc=0x0000000108b26878 method=java.lang.reflect.Executable.getAnnotation(Ljava/lang/Class;)Ljava/lang/annotation/Annotation; @ 19
Event: 19.493 Thread 0x00007fe12c5c8800 Uncommon trap: reason=unreached action=reinterpret pc=0x0000000108be7cf8 method=org.springframework.beans.factory.support.AbstractAutowireCapableBeanFactory.predictBeanType(Ljava/lang/String;Lorg/springframework/beans/factory/support/RootBeanDefinition;[L
Event: 20.981 Thread 0x00007fe12c5c8800 Uncommon trap: reason=class_check action=maybe_recompile pc=0x00000001085ae34c method=org.codehaus.groovy.runtime.metaclass.MetaMethodIndex.addMethodToList(Ljava/lang/Object;Lgroovy/lang/MetaMethod;)Ljava/lang/Object; @ 68

Internal exceptions (10 events):
Event: 20.994 Thread 0x00007fe12c9ea000 Exception <a 'java/lang/ClassNotFoundException': java/net/ServerSocketCustomizer> (0x00000007b2d52d38) thrown at [/HUDSON/workspace/8-2-build-macosx-x86_64/jdk8u5/2488/hotspot/src/share/vm/classfile/systemDictionary.cpp, line 202]
Event: 20.995 Thread 0x00007fe12c5c8800 Exception <a 'java/security/PrivilegedActionException'> (0x00000007b2ba74b8) thrown at [/HUDSON/workspace/8-2-build-macosx-x86_64/jdk8u5/2488/hotspot/src/share/vm/prims/jvm.cpp, line 1248]
Event: 20.995 Thread 0x00007fe12c5c8800 Exception <a 'java/security/PrivilegedActionException'> (0x00000007b2baaf88) thrown at [/HUDSON/workspace/8-2-build-macosx-x86_64/jdk8u5/2488/hotspot/src/share/vm/prims/jvm.cpp, line 1248]
Event: 20.995 Thread 0x00007fe12c5c8800 Exception <a 'java/security/PrivilegedActionException'> (0x00000007b2bb6e70) thrown at [/HUDSON/workspace/8-2-build-macosx-x86_64/jdk8u5/2488/hotspot/src/share/vm/prims/jvm.cpp, line 1248]
Event: 20.995 Thread 0x00007fe12c5c8800 Exception <a 'java/security/PrivilegedActionException'> (0x00000007b2bbb408) thrown at [/HUDSON/workspace/8-2-build-macosx-x86_64/jdk8u5/2488/hotspot/src/share/vm/prims/jvm.cpp, line 1248]
Event: 20.998 Thread 0x00007fe12c5c8800 Exception <a 'java/security/PrivilegedActionException'> (0x00000007b2bca890) thrown at [/HUDSON/workspace/8-2-build-macosx-x86_64/jdk8u5/2488/hotspot/src/share/vm/prims/jvm.cpp, line 1248]
Event: 20.998 Thread 0x00007fe12c5c8800 Exception <a 'java/security/PrivilegedActionException'> (0x00000007b2bcf360) thrown at [/HUDSON/workspace/8-2-build-macosx-x86_64/jdk8u5/2488/hotspot/src/share/vm/prims/jvm.cpp, line 1248]
Event: 20.999 Thread 0x00007fe12c5c8800 Exception <a 'java/security/PrivilegedActionException'> (0x00000007b2bdf730) thrown at [/HUDSON/workspace/8-2-build-macosx-x86_64/jdk8u5/2488/hotspot/src/share/vm/prims/jvm.cpp, line 1248]
Event: 20.999 Thread 0x00007fe12c5c8800 Exception <a 'java/security/PrivilegedActionException'> (0x00000007b2be4458) thrown at [/HUDSON/workspace/8-2-build-macosx-x86_64/jdk8u5/2488/hotspot/src/share/vm/prims/jvm.cpp, line 1248]
Event: 21.000 Thread 0x00007fe12c5c8800 Exception <a 'java/security/PrivilegedActionException'> (0x00000007b2bf8258) thrown at [/HUDSON/workspace/8-2-build-macosx-x86_64/jdk8u5/2488/hotspot/src/share/vm/prims/jvm.cpp, line 1248]

Events (10 events):
Event: 21.035 loading class sun/nio/fs/UnixMountEntry done
Event: 21.038 loading class java/nio/file/Files
Event: 21.039 loading class java/nio/file/Files done
Event: 21.040 loading class java/nio/file/Files$AcceptAllFilter
Event: 21.041 loading class java/nio/file/DirectoryStream$Filter
Event: 21.041 loading class java/nio/file/DirectoryStream$Filter done
Event: 21.041 loading class java/nio/file/Files$AcceptAllFilter done
Event: 21.041 loading class sun/nio/fs/NativeBuffers
Event: 21.042 loading class sun/nio/fs/NativeBuffers done
Event: 21.042 loading class sun/nio/fs/NativeBuffer


Dynamic libraries:
0x000000000526a000 	/System/Library/Frameworks/Cocoa.framework/Versions/A/Cocoa
0x000000000526a000 	/System/Library/Frameworks/Security.framework/Versions/A/Security
0x000000000526a000 	/System/Library/Frameworks/ApplicationServices.framework/Versions/A/ApplicationServices
0x000000000526a000 	/usr/lib/libz.1.dylib
0x000000000526a000 	/usr/lib/libSystem.B.dylib
0x000000000526a000 	/usr/lib/libobjc.A.dylib
0x000000000526a000 	/System/Library/Frameworks/CoreFoundation.framework/Versions/A/CoreFoundation
0x000000000526a000 	/System/Library/Frameworks/Foundation.framework/Versions/C/Foundation
0x000000000526a000 	/System/Library/Frameworks/AppKit.framework/Versions/C/AppKit
0x000000000526a000 	/System/Library/Frameworks/CoreData.framework/Versions/A/CoreData
0x000000000526a000 	/System/Library/PrivateFrameworks/RemoteViewServices.framework/Versions/A/RemoteViewServices
0x000000000526a000 	/System/Library/PrivateFrameworks/UIFoundation.framework/Versions/A/UIFoundation
0x000000000526a000 	/System/Library/Frameworks/IOSurface.framework/Versions/A/IOSurface
0x000000000526a000 	/System/Library/Frameworks/AudioToolbox.framework/Versions/A/AudioToolbox
0x000000000526a000 	/System/Library/Frameworks/AudioUnit.framework/Versions/A/AudioUnit
0x000000000526a000 	/System/Library/PrivateFrameworks/DataDetectorsCore.framework/Versions/A/DataDetectorsCore
0x000000000526a000 	/System/Library/PrivateFrameworks/DesktopServicesPriv.framework/Versions/A/DesktopServicesPriv
0x000000000526a000 	/System/Library/Frameworks/Carbon.framework/Versions/A/Frameworks/HIToolbox.framework/Versions/A/HIToolbox
0x000000000526a000 	/System/Library/Frameworks/QuartzCore.framework/Versions/A/QuartzCore
0x000000000526a000 	/System/Library/Frameworks/Carbon.framework/Versions/A/Frameworks/SpeechRecognition.framework/Versions/A/SpeechRecognition
0x000000000526a000 	/usr/lib/libauto.dylib
0x000000000526a000 	/usr/lib/libicucore.A.dylib
0x000000000526a000 	/usr/lib/libxml2.2.dylib
0x000000000526a000 	/System/Library/PrivateFrameworks/CoreUI.framework/Versions/A/CoreUI
0x000000000526a000 	/System/Library/Frameworks/CoreAudio.framework/Versions/A/CoreAudio
0x000000000526a000 	/System/Library/Frameworks/DiskArbitration.framework/Versions/A/DiskArbitration
0x000000000526a000 	/usr/lib/liblangid.dylib
0x000000000526a000 	/System/Library/PrivateFrameworks/MultitouchSupport.framework/Versions/A/MultitouchSupport
0x000000000526a000 	/System/Library/Frameworks/IOKit.framework/Versions/A/IOKit
0x000000000526a000 	/usr/lib/libDiagnosticMessagesClient.dylib
0x000000000526a000 	/System/Library/Frameworks/CoreServices.framework/Versions/A/CoreServices
0x000000000526a000 	/System/Library/PrivateFrameworks/PerformanceAnalysis.framework/Versions/A/PerformanceAnalysis
0x000000000526a000 	/System/Library/PrivateFrameworks/GenerationalStorage.framework/Versions/A/GenerationalStorage
0x000000000526a000 	/System/Library/Frameworks/OpenGL.framework/Versions/A/OpenGL
0x000000000526a000 	/System/Library/PrivateFrameworks/Sharing.framework/Versions/A/Sharing
0x000000000526a000 	/System/Library/Frameworks/CoreGraphics.framework/Versions/A/CoreGraphics
0x000000000526a000 	/System/Library/Frameworks/CoreText.framework/Versions/A/CoreText
0x000000000526a000 	/System/Library/Frameworks/ImageIO.framework/Versions/A/ImageIO
0x000000000526a000 	/usr/lib/libextension.dylib
0x000000000526a000 	/System/Library/PrivateFrameworks/Backup.framework/Versions/A/Backup
0x000000000526a000 	/usr/lib/libarchive.2.dylib
0x000000000526a000 	/System/Library/Frameworks/CFNetwork.framework/Versions/A/CFNetwork
0x000000000526a000 	/System/Library/Frameworks/SystemConfiguration.framework/Versions/A/SystemConfiguration
0x000000000526a000 	/usr/lib/libCRFSuite.dylib
0x000000000526a000 	/usr/lib/libc++.1.dylib
0x000000000526a000 	/usr/lib/libc++abi.dylib
0x000000000526a000 	/usr/lib/system/libcache.dylib
0x000000000526a000 	/usr/lib/system/libcommonCrypto.dylib
0x000000000526a000 	/usr/lib/system/libcompiler_rt.dylib
0x000000000526a000 	/usr/lib/system/libcopyfile.dylib
0x000000000526a000 	/usr/lib/system/libcorecrypto.dylib
0x000000000526a000 	/usr/lib/system/libdispatch.dylib
0x000000000526a000 	/usr/lib/system/libdyld.dylib
0x000000000526a000 	/usr/lib/system/libkeymgr.dylib
0x000000000526a000 	/usr/lib/system/liblaunch.dylib
0x000000000526a000 	/usr/lib/system/libmacho.dylib
0x000000000526a000 	/usr/lib/system/libquarantine.dylib
0x000000000526a000 	/usr/lib/system/libremovefile.dylib
0x000000000526a000 	/usr/lib/system/libsystem_asl.dylib
0x000000000526a000 	/usr/lib/system/libsystem_blocks.dylib
0x000000000526a000 	/usr/lib/system/libsystem_c.dylib
0x000000000526a000 	/usr/lib/system/libsystem_configuration.dylib
0x000000000526a000 	/usr/lib/system/libsystem_coreservices.dylib
0x000000000526a000 	/usr/lib/system/libsystem_coretls.dylib
0x000000000526a000 	/usr/lib/system/libsystem_dnssd.dylib
0x000000000526a000 	/usr/lib/system/libsystem_info.dylib
0x000000000526a000 	/usr/lib/system/libsystem_kernel.dylib
0x000000000526a000 	/usr/lib/system/libsystem_m.dylib
0x000000000526a000 	/usr/lib/system/libsystem_malloc.dylib
0x000000000526a000 	/usr/lib/system/libsystem_network.dylib
0x000000000526a000 	/usr/lib/system/libsystem_networkextension.dylib
0x000000000526a000 	/usr/lib/system/libsystem_notify.dylib
0x000000000526a000 	/usr/lib/system/libsystem_platform.dylib
0x000000000526a000 	/usr/lib/system/libsystem_pthread.dylib
0x000000000526a000 	/usr/lib/system/libsystem_sandbox.dylib
0x000000000526a000 	/usr/lib/system/libsystem_secinit.dylib
0x000000000526a000 	/usr/lib/system/libsystem_stats.dylib
0x000000000526a000 	/usr/lib/system/libsystem_trace.dylib
0x000000000526a000 	/usr/lib/system/libunc.dylib
0x000000000526a000 	/usr/lib/system/libunwind.dylib
0x000000000526a000 	/usr/lib/system/libxpc.dylib
0x000000000526a000 	/usr/lib/libbz2.1.0.dylib
0x000000000526a000 	/usr/lib/liblzma.5.dylib
0x000000000526a000 	/usr/lib/libbsm.0.dylib
0x000000000526a000 	/usr/lib/libsqlite3.dylib
0x000000000526a000 	/usr/lib/system/libkxld.dylib
0x000000000526a000 	/usr/lib/libxar.1.dylib
0x000000000526a000 	/usr/lib/libpam.2.dylib
0x000000000526a000 	/usr/lib/libOpenScriptingUtil.dylib
0x000000000526a000 	/System/Library/Frameworks/CoreServices.framework/Versions/A/Frameworks/FSEvents.framework/Versions/A/FSEvents
0x000000000526a000 	/System/Library/Frameworks/CoreServices.framework/Versions/A/Frameworks/CarbonCore.framework/Versions/A/CarbonCore
0x000000000526a000 	/System/Library/Frameworks/CoreServices.framework/Versions/A/Frameworks/Metadata.framework/Versions/A/Metadata
0x000000000526a000 	/System/Library/Frameworks/CoreServices.framework/Versions/A/Frameworks/OSServices.framework/Versions/A/OSServices
0x000000000526a000 	/System/Library/Frameworks/CoreServices.framework/Versions/A/Frameworks/SearchKit.framework/Versions/A/SearchKit
0x000000000526a000 	/System/Library/Frameworks/CoreServices.framework/Versions/A/Frameworks/AE.framework/Versions/A/AE
0x000000000526a000 	/System/Library/Frameworks/CoreServices.framework/Versions/A/Frameworks/LaunchServices.framework/Versions/A/LaunchServices
0x000000000526a000 	/System/Library/Frameworks/CoreServices.framework/Versions/A/Frameworks/DictionaryServices.framework/Versions/A/DictionaryServices
0x000000000526a000 	/System/Library/Frameworks/NetFS.framework/Versions/A/NetFS
0x000000000526a000 	/System/Library/PrivateFrameworks/NetAuth.framework/Versions/A/NetAuth
0x000000000526a000 	/System/Library/PrivateFrameworks/login.framework/Versions/A/Frameworks/loginsupport.framework/Versions/A/loginsupport
0x000000000526a000 	/System/Library/PrivateFrameworks/TCC.framework/Versions/A/TCC
0x000000000526a000 	/usr/lib/libmecabra.dylib
0x000000000526a000 	/System/Library/PrivateFrameworks/LanguageModeling.framework/Versions/A/LanguageModeling
0x000000000526a000 	/usr/lib/libcmph.dylib
0x000000000526a000 	/usr/lib/libiconv.2.dylib
0x000000000526a000 	/System/Library/Frameworks/OpenDirectory.framework/Versions/A/Frameworks/CFOpenDirectory.framework/Versions/A/CFOpenDirectory
0x000000000526a000 	/System/Library/Frameworks/ServiceManagement.framework/Versions/A/ServiceManagement
0x000000000526a000 	/usr/lib/libxslt.1.dylib
0x000000000526a000 	/System/Library/Frameworks/Carbon.framework/Versions/A/Frameworks/Ink.framework/Versions/A/Ink
0x000000000526a000 	/System/Library/Frameworks/ApplicationServices.framework/Versions/A/Frameworks/ATS.framework/Versions/A/ATS
0x000000000526a000 	/System/Library/Frameworks/ApplicationServices.framework/Versions/A/Frameworks/ColorSync.framework/Versions/A/ColorSync
0x000000000526a000 	/System/Library/Frameworks/ApplicationServices.framework/Versions/A/Frameworks/HIServices.framework/Versions/A/HIServices
0x000000000526a000 	/System/Library/Frameworks/ApplicationServices.framework/Versions/A/Frameworks/LangAnalysis.framework/Versions/A/LangAnalysis
0x000000000526a000 	/System/Library/Frameworks/ApplicationServices.framework/Versions/A/Frameworks/PrintCore.framework/Versions/A/PrintCore
0x000000000526a000 	/System/Library/Frameworks/ApplicationServices.framework/Versions/A/Frameworks/QD.framework/Versions/A/QD
0x000000000526a000 	/System/Library/Frameworks/ApplicationServices.framework/Versions/A/Frameworks/SpeechSynthesis.framework/Versions/A/SpeechSynthesis
0x000000000526a000 	/System/Library/Frameworks/Accelerate.framework/Versions/A/Accelerate
0x000000000526a000 	/System/Library/Frameworks/Accelerate.framework/Versions/A/Frameworks/vImage.framework/Versions/A/vImage
0x000000000526a000 	/System/Library/Frameworks/Accelerate.framework/Versions/A/Frameworks/vecLib.framework/Versions/A/vecLib
0x000000000526a000 	/System/Library/Frameworks/Accelerate.framework/Versions/A/Frameworks/vecLib.framework/Versions/A/libvDSP.dylib
0x000000000526a000 	/System/Library/Frameworks/Accelerate.framework/Versions/A/Frameworks/vecLib.framework/Versions/A/libvMisc.dylib
0x000000000526a000 	/System/Library/Frameworks/Accelerate.framework/Versions/A/Frameworks/vecLib.framework/Versions/A/libLAPACK.dylib
0x000000000526a000 	/System/Library/Frameworks/Accelerate.framework/Versions/A/Frameworks/vecLib.framework/Versions/A/libBLAS.dylib
0x000000000526a000 	/System/Library/Frameworks/Accelerate.framework/Versions/A/Frameworks/vecLib.framework/Versions/A/libLinearAlgebra.dylib
0x000000000526a000 	/System/Library/Frameworks/ApplicationServices.framework/Versions/A/Frameworks/ATS.framework/Versions/A/Resources/libFontParser.dylib
0x000000000526a000 	/System/Library/Frameworks/ApplicationServices.framework/Versions/A/Frameworks/ATS.framework/Versions/A/Resources/libFontRegistry.dylib
0x000000000526a000 	/System/Library/PrivateFrameworks/AppleVPA.framework/Versions/A/AppleVPA
0x000000000526a000 	/System/Library/PrivateFrameworks/AppleJPEG.framework/Versions/A/AppleJPEG
0x000000000526a000 	/System/Library/Frameworks/ImageIO.framework/Versions/A/Resources/libJPEG.dylib
0x000000000526a000 	/System/Library/Frameworks/ImageIO.framework/Versions/A/Resources/libTIFF.dylib
0x000000000526a000 	/System/Library/Frameworks/ImageIO.framework/Versions/A/Resources/libPng.dylib
0x000000000526a000 	/System/Library/Frameworks/ImageIO.framework/Versions/A/Resources/libGIF.dylib
0x000000000526a000 	/System/Library/Frameworks/ImageIO.framework/Versions/A/Resources/libJP2.dylib
0x000000000526a000 	/System/Library/Frameworks/ImageIO.framework/Versions/A/Resources/libRadiance.dylib
0x000000000526a000 	/System/Library/Frameworks/CoreVideo.framework/Versions/A/CoreVideo
0x000000000526a000 	/System/Library/Frameworks/OpenGL.framework/Versions/A/Libraries/libGLU.dylib
0x000000000526a000 	/System/Library/Frameworks/OpenGL.framework/Versions/A/Libraries/libGFXShared.dylib
0x000000000526a000 	/System/Library/Frameworks/OpenGL.framework/Versions/A/Libraries/libGL.dylib
0x000000000526a000 	/System/Library/Frameworks/OpenGL.framework/Versions/A/Libraries/libGLImage.dylib
0x000000000526a000 	/System/Library/Frameworks/OpenGL.framework/Versions/A/Libraries/libCVMSPluginSupport.dylib
0x000000000526a000 	/System/Library/Frameworks/OpenGL.framework/Versions/A/Libraries/libCoreVMClient.dylib
0x000000000526a000 	/usr/lib/libcups.2.dylib
0x000000000526a000 	/System/Library/Frameworks/Kerberos.framework/Versions/A/Kerberos
0x000000000526a000 	/System/Library/Frameworks/GSS.framework/Versions/A/GSS
0x000000000526a000 	/usr/lib/libresolv.9.dylib
0x000000000526a000 	/System/Library/PrivateFrameworks/Heimdal.framework/Versions/A/Heimdal
0x000000000526a000 	/usr/lib/libheimdal-asn1.dylib
0x000000000526a000 	/System/Library/Frameworks/OpenDirectory.framework/Versions/A/OpenDirectory
0x000000000526a000 	/System/Library/PrivateFrameworks/CommonAuth.framework/Versions/A/CommonAuth
0x000000000526a000 	/System/Library/Frameworks/SecurityFoundation.framework/Versions/A/SecurityFoundation
0x000000000526a000 	/System/Library/Frameworks/QuartzCore.framework/Versions/A/Frameworks/CoreImage.framework/Versions/A/CoreImage
0x000000000526a000 	/System/Library/PrivateFrameworks/CrashReporterSupport.framework/Versions/A/CrashReporterSupport
0x000000000526a000 	/System/Library/Frameworks/OpenCL.framework/Versions/A/OpenCL
0x000000000526a000 	/System/Library/PrivateFrameworks/FaceCore.framework/Versions/A/FaceCore
0x000000000526a000 	/System/Library/PrivateFrameworks/Ubiquity.framework/Versions/A/Ubiquity
0x000000000526a000 	/System/Library/PrivateFrameworks/IconServices.framework/Versions/A/IconServices
0x000000000526a000 	/System/Library/PrivateFrameworks/ChunkingLibrary.framework/Versions/A/ChunkingLibrary
0x000000000526a000 	/System/Library/PrivateFrameworks/Apple80211.framework/Versions/A/Apple80211
0x000000000526a000 	/System/Library/Frameworks/CoreWLAN.framework/Versions/A/CoreWLAN
0x000000000526a000 	/System/Library/Frameworks/IOBluetooth.framework/Versions/A/IOBluetooth
0x000000000526a000 	/System/Library/PrivateFrameworks/CoreWiFi.framework/Versions/A/CoreWiFi
0x000000000526a000 	/System/Library/Frameworks/CoreBluetooth.framework/Versions/A/CoreBluetooth
0x000000000526a000 	/System/Library/PrivateFrameworks/DebugSymbols.framework/Versions/A/DebugSymbols
0x000000000526a000 	/System/Library/PrivateFrameworks/CoreSymbolication.framework/Versions/A/CoreSymbolication
0x000000000526a000 	/System/Library/PrivateFrameworks/Symbolication.framework/Versions/A/Symbolication
0x000000000526a000 	/System/Library/PrivateFrameworks/SpeechRecognitionCore.framework/Versions/A/SpeechRecognitionCore
0x0000000106300000 	/Library/Java/JavaVirtualMachines/jdk1.8.0_05.jdk/Contents/Home/jre/lib/server/libjvm.dylib
0x000000000526a000 	/usr/lib/libstdc++.6.dylib
0x00000001071d7000 	/Library/Java/JavaVirtualMachines/jdk1.8.0_05.jdk/Contents/Home/jre/lib/libverify.dylib
0x0000000107b03000 	/Library/Java/JavaVirtualMachines/jdk1.8.0_05.jdk/Contents/Home/jre/lib/libjava.dylib
0x0000000107b37000 	/Library/Java/JavaVirtualMachines/jdk1.8.0_05.jdk/Contents/Home/jre/lib/libinstrument.dylib
0x00000001071f0000 	/Library/Java/JavaVirtualMachines/jdk1.8.0_05.jdk/Contents/Home/jre/lib/libzip.dylib
0x000000011ad13000 	/System/Library/Frameworks/JavaVM.framework/Frameworks/JavaRuntimeSupport.framework/JavaRuntimeSupport
0x000000011ad2b000 	/System/Library/Frameworks/JavaVM.framework/Versions/A/Frameworks/JavaNativeFoundation.framework/Versions/A/JavaNativeFoundation
0x000000011ad40000 	/System/Library/Frameworks/JavaVM.framework/Versions/A/JavaVM
0x000000000526a000 	/System/Library/Frameworks/Carbon.framework/Versions/A/Carbon
0x000000011ad4d000 	/System/Library/PrivateFrameworks/JavaLaunching.framework/Versions/A/JavaLaunching
0x000000000526a000 	/System/Library/Frameworks/Carbon.framework/Versions/A/Frameworks/CommonPanels.framework/Versions/A/CommonPanels
0x000000000526a000 	/System/Library/Frameworks/Carbon.framework/Versions/A/Frameworks/Help.framework/Versions/A/Help
0x000000000526a000 	/System/Library/Frameworks/Carbon.framework/Versions/A/Frameworks/ImageCapture.framework/Versions/A/ImageCapture
0x000000000526a000 	/System/Library/Frameworks/Carbon.framework/Versions/A/Frameworks/OpenScripting.framework/Versions/A/OpenScripting
0x000000000526a000 	/System/Library/Frameworks/Carbon.framework/Versions/A/Frameworks/Print.framework/Versions/A/Print
0x000000000526a000 	/System/Library/Frameworks/Carbon.framework/Versions/A/Frameworks/SecurityHI.framework/Versions/A/SecurityHI
0x000000011d0e1000 	/private/var/folders/nd/ds3mp1gd1nv_zm0_dk96r_qw0000gn/T/libjansi-64-6197447501656669700.jnilib
0x000000011dc1a000 	/Library/Java/JavaVirtualMachines/jdk1.8.0_05.jdk/Contents/Home/jre/lib/libnet.dylib
0x000000011dc30000 	/Library/Java/JavaVirtualMachines/jdk1.8.0_05.jdk/Contents/Home/jre/lib/libmanagement.dylib
0x000000011dc3d000 	/Library/Java/JavaVirtualMachines/jdk1.8.0_05.jdk/Contents/Home/jre/lib/libnio.dylib

VM Arguments:
jvm_args: -Dfile.encoding=UTF-8 -Xmx768M -Xms64M -Dgrails.fork.active=true -Dgrails.build.execution.context=/private/var/folders/nd/ds3mp1gd1nv_zm0_dk96r_qw0000gn/T/AFTSurvey443529914260393943grails-execution-context -Dgrails.home=/usr/lib/grails/grails-2.4.0 -javaagent:/usr/lib/grails/grails-2.4.0/lib/org.springframework/springloaded/jars/springloaded-1.2.0.RELEASE.jar -Xverify:none -Dspringloaded.synchronize=true -Djdk.reflect.allowGetCallerClass=true -Dspringloaded=profile=grails;cacheDir=/Users/mmain/.grails/2.4.0 
java_command: org.grails.plugins.tomcat.fork.ForkedTomcatServer
java_class_path (initial): /Library/Java/JavaVirtualMachines/jdk1.8.0_05.jdk/Contents/Home/lib/tools.jar:/Users/mmain/.m2/repository/org/codehaus/groovy/groovy-all/2.3.1/groovy-all-2.3.1.jar:/Users/mmain/.m2/repository/org/slf4j/jcl-over-slf4j/1.7.5/jcl-over-slf4j-1.7.5.jar:/usr/lib/grails/grails-2.4.0/lib/org.codehaus.gant/gant_groovy1.8/jars/gant_groovy1.8-1.9.6.jar:/Users/mmain/.m2/repository/org/apache/tomcat/embed/tomcat-embed-logging-log4j/7.0.50/tomcat-embed-logging-log4j-7.0.50.jar:/Users/mmain/.m2/repository/org/grails/grails-plugin-log4j/2.4.0/grails-plugin-log4j-2.4.0.jar:/Users/mmain/.m2/repository/log4j/log4j/1.2.17/log4j-1.2.17.jar:/Users/mmain/.m2/repository/org/grails/grails-bootstrap/2.4.0/grails-bootstrap-2.4.0.jar:/Users/mmain/.m2/repository/org/slf4j/slf4j-api/1.7.5/slf4j-api-1.7.5.jar:/Users/mmain/.m2/repository/org/apache/ant/ant/1.8.4/ant-1.8.4.jar:/Users/mmain/.m2/repository/jline/jline/2.11/jline-2.11.jar:/Users/mmain/.m2/repository/org/apache/ant/ant-launcher/1.8.4/ant-launcher-1.8.4.jar:/Users/mmain/.m2/repository/org/apache/ant/ant-trax/1.7.1/ant-trax-1.7.1.jar:/Users/mmain/.m2/repository/org/apache/ant/ant-junit/1.8.4/ant-junit-1.8.4.jar:/Users/mmain/.m2/repository/org/apache/ivy/ivy/2.3.0/ivy-2.3.0.jar:/Users/mmain/.m2/repository/org/fusesource/jansi/jansi/1.11/jansi-1.11.jar:/Users/mmain/.m2/repository/org/apache/tomcat/embed/tomcat-embed-logging-log4j/7.0.53/tomcat-embed-logging-log4j-7.0.53.jar:/Users/mmain/.m2/repository/org/apache/tomcat/embed/tomcat-embed-core/7.0.53/tomcat-embed-core-7.0.53.jar:/Users/mmain/.m2/repository/org/apache/tomcat/tomcat-catalina-ant/7.0.53/tomcat-catalina-ant-7.0.53.jar:/Users/mmain/.m2/repository/org/apache/tomcat/embed/tomcat-embed-jasper/7.0.53/tomcat-embed-jasper-7.0.53.jar:/Users/mmain/.m2/repository/org/apache/tomcat/embed/tomcat-embed-el/7.0.53/tomcat-embed-el-7.0.53.jar:/Users/mmain/Documents/grails-workspace/AFTSurvey/target/work/plugins/tomcat-7.0.53/grails-plugin-tomcat-7.0.53.jar:/Users/mm
Launcher Type: SUN_STANDARD

Environment Variables:
JAVA_HOME=/Library/Java/JavaVirtualMachines/jdk1.8.0_05.jdk/Contents/Home
PATH=/usr/bin:/bin:/usr/sbin:/sbin
SHELL=/bin/bash

Signal Handlers:
SIGSEGV: [libjvm.dylib+0x55f7df], sa_mask[0]=0xfffefeff, sa_flags=0x00000043
SIGBUS: [libjvm.dylib+0x55f7df], sa_mask[0]=0xfffefeff, sa_flags=0x00000042
SIGFPE: [libjvm.dylib+0x442cfa], sa_mask[0]=0xfffefeff, sa_flags=0x00000042
SIGPIPE: [libjvm.dylib+0x442cfa], sa_mask[0]=0xfffefeff, sa_flags=0x00000042
SIGXFSZ: [libjvm.dylib+0x442cfa], sa_mask[0]=0xfffefeff, sa_flags=0x00000042
SIGILL: [libjvm.dylib+0x442cfa], sa_mask[0]=0xfffefeff, sa_flags=0x00000042
SIGUSR1: SIG_DFL, sa_mask[0]=0x00000000, sa_flags=0x00000000
SIGUSR2: [libjvm.dylib+0x442818], sa_mask[0]=0x00000004, sa_flags=0x00000042
SIGHUP: [libjvm.dylib+0x440ba5], sa_mask[0]=0xfffefeff, sa_flags=0x00000042
SIGINT: [libjvm.dylib+0x440ba5], sa_mask[0]=0xfffefeff, sa_flags=0x00000042
SIGTERM: [libjvm.dylib+0x440ba5], sa_mask[0]=0xfffefeff, sa_flags=0x00000042
SIGQUIT: [libjvm.dylib+0x440ba5], sa_mask[0]=0xfffefeff, sa_flags=0x00000042


---------------  S Y S T E M  ---------------

OS:Bsduname:Darwin 14.0.0 Darwin Kernel Version 14.0.0: Fri Sep 19 00:26:44 PDT 2014; root:xnu-2782.1.97~2/RELEASE_X86_64 x86_64
rlimit: STACK 8192k, CORE 0k, NPROC 709, NOFILE 10240, AS infinity
load average:4.58 3.34 3.69

CPU:total 4 (2 cores per cpu, 2 threads per core) family 6 model 69 stepping 1, cmov, cx8, fxsr, mmx, sse, sse2, sse3, ssse3, sse4.1, sse4.2, popcnt, avx, avx2, aes, clmul, erms, ht, tsc, tscinvbit

Memory: 4k page, physical 4194304k(32180k free)

/proc/meminfo:


vm_info: Java HotSpot(TM) 64-Bit Server VM (25.5-b02) for bsd-amd64 JRE (1.8.0_05-b13), built on Mar 18 2014 00:36:13 by "java_re" with gcc 4.2.1 (Based on Apple Inc. build 5658) (LLVM build 2336.11.00)

time: Mon Jan 12 10:27:27 2015
elapsed time: 21 seconds

